[debug] [2025-09-03T09:01:42.147Z] ----------------------------------------------------------------------
[debug] [2025-09-03T09:01:42.151Z] Command:       /usr/local/bin/firebase /Users/hilmanzu/.cache/firebase/tools/lib/node_modules/firebase-tools/lib/bin/firebase deploy
[debug] [2025-09-03T09:01:42.151Z] CLI Version:   14.15.1
[debug] [2025-09-03T09:01:42.151Z] Platform:      darwin
[debug] [2025-09-03T09:01:42.151Z] Node Version:  v20.18.2
[debug] [2025-09-03T09:01:42.151Z] Time:          Wed Sep 03 2025 16:01:42 GMT+0700 (Western Indonesia Time)
[debug] [2025-09-03T09:01:42.151Z] ----------------------------------------------------------------------
[debug] 
[debug] [2025-09-03T09:01:42.153Z] >>> [apiv2][query] GET https://firebase-public.firebaseio.com/cli.json [none]
[debug] [2025-09-03T09:01:42.350Z] > command requires scopes: ["email","openid","https://www.googleapis.com/auth/cloudplatformprojects.readonly","https://www.googleapis.com/auth/firebase","https://www.googleapis.com/auth/cloud-platform"]
[debug] [2025-09-03T09:01:42.350Z] > authorizing via signed-in user (hilyatulw@gmail.com)
[debug] [2025-09-03T09:01:42.350Z] [iam] checking project abigold-3f5c6 for permissions ["firebase.projects.get","firebasehosting.sites.update"]
[debug] [2025-09-03T09:01:42.350Z] Checked if tokens are valid: true, expires at: 1756893694559
[debug] [2025-09-03T09:01:42.351Z] Checked if tokens are valid: true, expires at: 1756893694559
[debug] [2025-09-03T09:01:42.351Z] >>> [apiv2][query] POST https://cloudresourcemanager.googleapis.com/v1/projects/abigold-3f5c6:testIamPermissions [none]
[debug] [2025-09-03T09:01:42.351Z] >>> [apiv2][(partial)header] POST https://cloudresourcemanager.googleapis.com/v1/projects/abigold-3f5c6:testIamPermissions x-goog-quota-user=projects/abigold-3f5c6
[debug] [2025-09-03T09:01:42.351Z] >>> [apiv2][body] POST https://cloudresourcemanager.googleapis.com/v1/projects/abigold-3f5c6:testIamPermissions {"permissions":["firebase.projects.get","firebasehosting.sites.update"]}
[debug] [2025-09-03T09:01:42.850Z] <<< [apiv2][status] POST https://cloudresourcemanager.googleapis.com/v1/projects/abigold-3f5c6:testIamPermissions 200
[debug] [2025-09-03T09:01:42.850Z] <<< [apiv2][body] POST https://cloudresourcemanager.googleapis.com/v1/projects/abigold-3f5c6:testIamPermissions {"permissions":["firebase.projects.get","firebasehosting.sites.update"]}
[debug] [2025-09-03T09:01:42.850Z] Checked if tokens are valid: true, expires at: 1756893694559
[debug] [2025-09-03T09:01:42.851Z] Checked if tokens are valid: true, expires at: 1756893694559
[debug] [2025-09-03T09:01:42.851Z] >>> [apiv2][query] GET https://firebase.googleapis.com/v1beta1/projects/abigold-3f5c6 [none]
[debug] [2025-09-03T09:01:42.927Z] <<< [apiv2][status] GET https://firebase-public.firebaseio.com/cli.json 200
[debug] [2025-09-03T09:01:42.927Z] <<< [apiv2][body] GET https://firebase-public.firebaseio.com/cli.json {"cloudBuildErrorAfter":1594252800000,"cloudBuildWarnAfter":1590019200000,"defaultNode10After":1594252800000,"minVersion":"3.0.5","node8DeploysDisabledAfter":1613390400000,"node8RuntimeDisabledAfter":1615809600000,"node8WarnAfter":1600128000000}
[debug] [2025-09-03T09:01:43.433Z] <<< [apiv2][status] GET https://firebase.googleapis.com/v1beta1/projects/abigold-3f5c6 200
[debug] [2025-09-03T09:01:43.433Z] <<< [apiv2][body] GET https://firebase.googleapis.com/v1beta1/projects/abigold-3f5c6 {"projectId":"abigold-3f5c6","projectNumber":"290388008770","displayName":"abigold","name":"projects/abigold-3f5c6","resources":{"hostingSite":"abigold-3f5c6"},"state":"ACTIVE","etag":"1_0abc3d24-ed47-4e67-ab8a-c6615d83ab09"}
[info] 
[info] === Deploying to 'abigold-3f5c6'...
[info] 
[info] i  deploying hosting 
[debug] [2025-09-03T09:01:43.438Z] Checked if tokens are valid: true, expires at: 1756893694559
[debug] [2025-09-03T09:01:43.438Z] Checked if tokens are valid: true, expires at: 1756893694559
[debug] [2025-09-03T09:01:43.438Z] >>> [apiv2][query] POST https://firebasehosting.googleapis.com/v1beta1/projects/-/sites/abigold-3f5c6/versions [none]
[debug] [2025-09-03T09:01:43.438Z] >>> [apiv2][body] POST https://firebasehosting.googleapis.com/v1beta1/projects/-/sites/abigold-3f5c6/versions {"status":"CREATED","labels":{"deployment-tool":"cli-firebase"}}
[debug] [2025-09-03T09:01:47.970Z] <<< [apiv2][status] POST https://firebasehosting.googleapis.com/v1beta1/projects/-/sites/abigold-3f5c6/versions 200
[debug] [2025-09-03T09:01:47.970Z] <<< [apiv2][body] POST https://firebasehosting.googleapis.com/v1beta1/projects/-/sites/abigold-3f5c6/versions {"name":"projects/290388008770/sites/abigold-3f5c6/versions/91149b3b63c201d9","status":"CREATED","config":{},"labels":{"deployment-tool":"cli-firebase"}}
[info] i  hosting[abigold-3f5c6]: beginning deploy... 
[info] i  hosting[abigold-3f5c6]: found 61 files in out 
[debug] [2025-09-03T09:01:47.993Z] [hosting] uploading with 200 concurrency
[debug] [2025-09-03T09:01:47.994Z] [hosting] hash cache [b3V0] not populated
[debug] [2025-09-03T09:01:48.264Z] Checked if tokens are valid: true, expires at: 1756893694559
[debug] [2025-09-03T09:01:48.264Z] Checked if tokens are valid: true, expires at: 1756893694559
[debug] [2025-09-03T09:01:48.265Z] [hosting] hash cache [b3V0] stored for 61 files
[debug] [2025-09-03T09:01:48.265Z] [hosting][hash queue][FINAL] {"max":263,"min":11,"avg":52.131147540983605,"active":0,"complete":61,"success":61,"errored":0,"retried":0,"total":61,"elapsed":270}
[debug] [2025-09-03T09:01:48.265Z] >>> [apiv2][query] POST https://firebasehosting.googleapis.com/v1beta1/projects/290388008770/sites/abigold-3f5c6/versions/91149b3b63c201d9:populateFiles [none]
[debug] [2025-09-03T09:01:48.265Z] >>> [apiv2][body] POST https://firebasehosting.googleapis.com/v1beta1/projects/290388008770/sites/abigold-3f5c6/versions/91149b3b63c201d9:populateFiles {"files":{"/window.svg":"11deaca6eadbb148caace8a5fe4a67353112de0afc5da83005d4797e403ab4f1","/vercel.svg":"9a61e768442ba3450026d0d69421315044931cbffaf8f6019f856ea82dd91e4e","/verifikasi-emas.html":"e3e5ff8a74b4ec985bd06d4a8307bcfb6c37721c558f20e3a4c0811a2578ea47","/refund.html":"3a546b92cfc372e19e09b1843c2b16c8073745bcb7e7e1a301d0a0e5de303bcf","/products.html":"8f0c2dd9e1093bd4f54a6d917c84f2795076ef6d8f2e335da156ae77f26156df","/next.svg":"33c5c6ad1d08bb69d8026289530e377b4d6e2a96f24562e209fd1e1e9ccee64a","/kebijakan-privasi.html":"2d237aaaa62bc7f7f421c1cfe185a63cc547ef769b03ba3c1c37430d38f6925f","/globe.svg":"ffe166407c928caa4d1640e2786d3385468043b3b9e6ea2282d4a3e370b3bc23","/index.html":"66a7c0a3b6ec582d2d0e5c4af2fcca19e93a746302dd2b076ceff753d9e5d618","/file.svg":"154a8c2948836a88c695a789045bc44cc74c3d8958d5785a531d26324bc42cb1","/garansi.html":"3a2688241578ed175203e07308b92cf7cd95da24d3c03ef5eb9cb68c3ff0f7af","/contact.html":"a5a46101c6cfec35b8db11bfe2f882f6459a578ca9fa073044672dfa51e3533b","/about.html":"a110943754c663eaa842e591906867960f9023671058ee7b372b16b9be9b8717","/404.html":"4a84c2fb41a6131d25d862169f3177523b9073631ab7eb65731a6943076cce60","/Abi.png":"0f8802322f04497d675b3f1a7f5a1f4769e17017de5f165965aaf83d39d619fb","/products/[id].html":"b06776966b3b0ec7dfcec9827cdfa07a1e931158fa9f87ba709f8fe73cd05f2b","/_next/static/pahgnuLSL9R1Y4U53sDPP/_ssgManifest.js":"5c126729f9831113842c425975615db312fa26d39f3a9e1baa47d4ad65ac2f90","/_next/static/pahgnuLSL9R1Y4U53sDPP/_buildManifest.js":"6eb70570845eb4570abd8b503ca4a4980732fb05699ff6030d2e7198e325f406","/articles/[id].html":"9ef09984eb8c2ea923eff1eceedbeb2f5cf25369683e84b2b95a5d07aa64e455","/_next/static/chunks/webpack-8cac0b4b405cede1.js":"95d6fcafedffa61e3fd44d1e8781b18d875ff7283d988ea46e52eff12085c0c0","/_next/static/chunks/pages/verifikasi-emas-0ae468f069aeeaf2.js":"2f1590decfebbe1f44f9f4f45cc03b99c4c1e78cf3a292d1b0c9ff04214eceb4","/_next/static/css/a4384f5e371d3d10.css":"eafb6c70d2e7ebe7fd897d75b626d6e70f4ff94913087d9b71562c3df17a513e","/favicon.ico":"04614fc32690cb60b39e472119b7f7aa91d88eaeb8511a7489f8cbe1552e6e59","/Gambar2.jpg":"1696d09f7f32410684baa65e4d30f185f93165157f5c3a8cee01b50e821c38ba","/py.png":"8a5e1372c8e943a0f2e8fb02d68178f713816e63e7fde05709eeeb38d747452e","/ap.png":"a5256962dd400da66d3ff3b0c8a7e21448c580e5681c47016f5e7395553e6d81","/shopee.png":"65e347cfc950582435f346841eba051a9db266d011fec0d87e75da05ad3325b9","/tokopedia.png":"d8247ebd9b9c173d843cfc1a1fc70e9d13accb19c84a80d007157dd5692aea66","/_next/static/chunks/pages/products-ccfff7b6324e4ae9.js":"79f7cc75fb46517f741b75986b1a5abb780af13bf7e98a59f6ee51b05a583f58","/_next/static/chunks/pages/refund-cb57bb004fe531b4.js":"a89675c4d1e3efbe683043d7321d8bf4c8f0ff0f547c8ba56cd6373f3d471fc5","/_next/static/chunks/pages/kebijakan-privasi-349333e1e0f1c3c3.js":"d2665f0056e360100eab2ef31eae72217180a8ac0229d2a05b9a6790f202c29a","/_next/static/chunks/pages/contact-18a864c71ab57de3.js":"85971e8ad35115e15402ba33ce18c368026fa988c2360bfcaabf03333758d104","/_next/static/chunks/pages/garansi-7f3164111a1a0106.js":"508c4ec6d0b8183a61149b8add86dec608f0233510b83eb6429b97a7e70c72f6","/_next/static/chunks/pages/index-6ec1991a5cd6e148.js":"e509fc571307ebb911e1b8ff9654c16c2c01671211fa3afd62b4492f05362ed1","/_next/static/chunks/pages/about-6600ad262bc42443.js":"c7988aa11ef975cad702a879e91067a66cfaf1e20067ecbe3b58d79c33a3d71d","/_next/static/chunks/pages/_error-5366f00fee9a89ba.js":"276ec0cf7c05c24622ff7d2888888326f1efbfdef8000e27c0c7bbbe2376f8bd","/_next/static/chunks/main-dbd5348c1818332f.js":"3001d1412e206cc30913c43522012924d2bdbf452c80bab40cf135d97d027bb5","/_next/static/chunks/pages/articles/[id]-08c82b9c0949d005.js":"fb750b6697d82a6eefe43ecc5f2be1a057b4160ec0a401cf861d77c6b9eab702","/_next/static/chunks/pages/products/[id]-39326a8d0313fd65.js":"c4cdabd05170f84c623bc027e3a5877a7fca9ab6b96be2b886c75c21e975ff6a","/_next/static/chunks/pages/_app-eb59848a25801917.js":"f64c3e9938674e909d20988bd338338525a145c1784748f7d7ca3597e324a9a9","/_next/static/chunks/polyfills-42372ed130431b0a.js":"bea630d9824beca22855271c757404b58bb7b410c52a5e7d58d69ff26d9ddd0b","/tiktok.png":"ae1aea60af0ce279027dbedb00e31bc21bc863d3d0328e068f4028ab271c4624","/_next/static/chunks/framework-acd67e14855de5a2.js":"5125790a7c6f1be83478df1dc78be85241113a6348e96f1259fc81cdeaaaab11","/investment.jpg":"4a43966b1c6046e47665b23ed3c57e5627631c74e92cc5c212e2707127cae438","/instagram.png":"4f76b73056f005130b10aa031352096448f6fe6f72694293e64c246410ab2c1d","/investment3.jpg":"c1b0314107389494cfc322c69c0e268f718b05354280c17755a80850982606aa","/investment2.jpg":"bfd15e3cac822279dbce13d5b70a561ad4d0b3e43c878fcbb5afb2eb3071b509","/banner-lm.png":"4009d1f961abf6d790637afe9c8dcd259af55110f04565ce0b5d1accae250d7f","/banner-dinar.png":"d06f3a304ec8c8c900fd03a5a0cda7c50c77891189d20fe0bc6b92d229822855","/Gambar1.png":"d06f3a304ec8c8c900fd03a5a0cda7c50c77891189d20fe0bc6b92d229822855","/pp1.png":"e7505f61b5302ac9ee9785fa31b5014775127ee8398bbfce396a49cd9316c89f","/green.jpg":"e15622b231c35b4ad9a888e989767851d5ea16aa29f755636248f3a944577326","/find.png":"2ac08135df7c63b70b3f188c17894df0dc8faf94699643079ac14b122a6fe22d","/lm-full.png":"2ac08135df7c63b70b3f188c17894df0dc8faf94699643079ac14b122a6fe22d","/dinar-full.png":"085da827b09a179a6206f27b2c6744044861635e03a998a67e0204d4df8e28a3","/Dinar.png":"085da827b09a179a6206f27b2c6744044861635e03a998a67e0204d4df8e28a3","/lm-kemasan.png":"4fe33a6e5a1d1eb1843ffa28a50172b9bca3166fd6eaa76b1fc7fa67a2a99f4c","/dinar-kemasan.png":"41a46b6887feca1b986fe9a8fdf0ea0023d570bb96cb3bb72483a4ea117fc609","/pp2.png":"3539ea7a684de490025c867d002e84d6595f953042a2d2acc067a3f06f438205","/article-gold-inflation.png":"9b473c726d6093a5bc19f84f0c6f61d53c32f0f74e6688db85ca06cbea6f1c9f","/article-why-gold.png":"884c44ede438e2fad925f6b9ce718e0a5eaa140cdc9bbe10ce4e4d96f7e79b0d"}}
[debug] [2025-09-03T09:01:49.269Z] <<< [apiv2][status] POST https://firebasehosting.googleapis.com/v1beta1/projects/290388008770/sites/abigold-3f5c6/versions/91149b3b63c201d9:populateFiles 200
[debug] [2025-09-03T09:01:49.269Z] <<< [apiv2][body] POST https://firebasehosting.googleapis.com/v1beta1/projects/290388008770/sites/abigold-3f5c6/versions/91149b3b63c201d9:populateFiles {"uploadRequiredHashes":["65e347cfc950582435f346841eba051a9db266d011fec0d87e75da05ad3325b9","c7988aa11ef975cad702a879e91067a66cfaf1e20067ecbe3b58d79c33a3d71d","4a43966b1c6046e47665b23ed3c57e5627631c74e92cc5c212e2707127cae438","4fe33a6e5a1d1eb1843ffa28a50172b9bca3166fd6eaa76b1fc7fa67a2a99f4c","3539ea7a684de490025c867d002e84d6595f953042a2d2acc067a3f06f438205","c4cdabd05170f84c623bc027e3a5877a7fca9ab6b96be2b886c75c21e975ff6a","154a8c2948836a88c695a789045bc44cc74c3d8958d5785a531d26324bc42cb1","a89675c4d1e3efbe683043d7321d8bf4c8f0ff0f547c8ba56cd6373f3d471fc5","85971e8ad35115e15402ba33ce18c368026fa988c2360bfcaabf03333758d104","3a546b92cfc372e19e09b1843c2b16c8073745bcb7e7e1a301d0a0e5de303bcf","d06f3a304ec8c8c900fd03a5a0cda7c50c77891189d20fe0bc6b92d229822855","9ef09984eb8c2ea923eff1eceedbeb2f5cf25369683e84b2b95a5d07aa64e455","3a2688241578ed175203e07308b92cf7cd95da24d3c03ef5eb9cb68c3ff0f7af","9a61e768442ba3450026d0d69421315044931cbffaf8f6019f856ea82dd91e4e","276ec0cf7c05c24622ff7d2888888326f1efbfdef8000e27c0c7bbbe2376f8bd","6eb70570845eb4570abd8b503ca4a4980732fb05699ff6030d2e7198e325f406","8f0c2dd9e1093bd4f54a6d917c84f2795076ef6d8f2e335da156ae77f26156df","fb750b6697d82a6eefe43ecc5f2be1a057b4160ec0a401cf861d77c6b9eab702","e3e5ff8a74b4ec985bd06d4a8307bcfb6c37721c558f20e3a4c0811a2578ea47","bfd15e3cac822279dbce13d5b70a561ad4d0b3e43c878fcbb5afb2eb3071b509","ffe166407c928caa4d1640e2786d3385468043b3b9e6ea2282d4a3e370b3bc23","4009d1f961abf6d790637afe9c8dcd259af55110f04565ce0b5d1accae250d7f","884c44ede438e2fad925f6b9ce718e0a5eaa140cdc9bbe10ce4e4d96f7e79b0d","95d6fcafedffa61e3fd44d1e8781b18d875ff7283d988ea46e52eff12085c0c0","11deaca6eadbb148caace8a5fe4a67353112de0afc5da83005d4797e403ab4f1","d2665f0056e360100eab2ef31eae72217180a8ac0229d2a05b9a6790f202c29a","085da827b09a179a6206f27b2c6744044861635e03a998a67e0204d4df8e28a3","33c5c6ad1d08bb69d8026289530e377b4d6e2a96f24562e209fd1e1e9ccee64a","a5256962dd400da66d3ff3b0c8a7e21448c580e5681c47016f5e7395553e6d81","2ac08135df7c63b70b3f188c17894df0dc8faf94699643079ac14b122a6fe22d","66a7c0a3b6ec582d2d0e5c4af2fcca19e93a746302dd2b076ceff753d9e5d618","eafb6c70d2e7ebe7fd897d75b626d6e70f4ff94913087d9b71562c3df17a513e","5125790a7c6f1be83478df1dc78be85241113a6348e96f1259fc81cdeaaaab11","f64c3e9938674e909d20988bd338338525a145c1784748f7d7ca3597e324a9a9","a110943754c663eaa842e591906867960f9023671058ee7b372b16b9be9b8717","41a46b6887feca1b986fe9a8fdf0ea0023d570bb96cb3bb72483a4ea117fc609","ae1aea60af0ce279027dbedb00e31bc21bc863d3d0328e068f4028ab271c4624","e509fc571307ebb911e1b8ff9654c16c2c01671211fa3afd62b4492f05362ed1","2f1590decfebbe1f44f9f4f45cc03b99c4c1e78cf3a292d1b0c9ff04214eceb4","508c4ec6d0b8183a61149b8add86dec608f0233510b83eb6429b97a7e70c72f6","0f8802322f04497d675b3f1a7f5a1f4769e17017de5f165965aaf83d39d619fb","e7505f61b5302ac9ee9785fa31b5014775127ee8398bbfce396a49cd9316c89f","3001d1412e206cc30913c43522012924d2bdbf452c80bab40cf135d97d027bb5","bea630d9824beca22855271c757404b58bb7b410c52a5e7d58d69ff26d9ddd0b","e15622b231c35b4ad9a888e989767851d5ea16aa29f755636248f3a944577326","c1b0314107389494cfc322c69c0e268f718b05354280c17755a80850982606aa","2d237aaaa62bc7f7f421c1cfe185a63cc547ef769b03ba3c1c37430d38f6925f","5c126729f9831113842c425975615db312fa26d39f3a9e1baa47d4ad65ac2f90","04614fc32690cb60b39e472119b7f7aa91d88eaeb8511a7489f8cbe1552e6e59","4a84c2fb41a6131d25d862169f3177523b9073631ab7eb65731a6943076cce60","b06776966b3b0ec7dfcec9827cdfa07a1e931158fa9f87ba709f8fe73cd05f2b","8a5e1372c8e943a0f2e8fb02d68178f713816e63e7fde05709eeeb38d747452e","4f76b73056f005130b10aa031352096448f6fe6f72694293e64c246410ab2c1d","79f7cc75fb46517f741b75986b1a5abb780af13bf7e98a59f6ee51b05a583f58","9b473c726d6093a5bc19f84f0c6f61d53c32f0f74e6688db85ca06cbea6f1c9f","a5a46101c6cfec35b8db11bfe2f882f6459a578ca9fa073044672dfa51e3533b","1696d09f7f32410684baa65e4d30f185f93165157f5c3a8cee01b50e821c38ba","d8247ebd9b9c173d843cfc1a1fc70e9d13accb19c84a80d007157dd5692aea66"],"uploadUrl":"https://upload-firebasehosting.googleapis.com/upload/sites/abigold-3f5c6/versions/91149b3b63c201d9/files"}
[debug] [2025-09-03T09:01:49.270Z] Checked if tokens are valid: true, expires at: 1756893694559
[debug] [2025-09-03T09:01:49.270Z] Checked if tokens are valid: true, expires at: 1756893694559
[debug] [2025-09-03T09:01:49.270Z] Checked if tokens are valid: true, expires at: 1756893694559
[debug] [2025-09-03T09:01:49.270Z] Checked if tokens are valid: true, expires at: 1756893694559
[debug] [2025-09-03T09:01:49.271Z] Checked if tokens are valid: true, expires at: 1756893694559
[debug] [2025-09-03T09:01:49.271Z] Checked if tokens are valid: true, expires at: 1756893694559
[debug] [2025-09-03T09:01:49.271Z] Checked if tokens are valid: true, expires at: 1756893694559
[debug] [2025-09-03T09:01:49.271Z] Checked if tokens are valid: true, expires at: 1756893694559
[debug] [2025-09-03T09:01:49.271Z] Checked if tokens are valid: true, expires at: 1756893694559
[debug] [2025-09-03T09:01:49.271Z] Checked if tokens are valid: true, expires at: 1756893694559
[debug] [2025-09-03T09:01:49.271Z] Checked if tokens are valid: true, expires at: 1756893694559
[debug] [2025-09-03T09:01:49.271Z] Checked if tokens are valid: true, expires at: 1756893694559
[debug] [2025-09-03T09:01:49.271Z] Checked if tokens are valid: true, expires at: 1756893694559
[debug] [2025-09-03T09:01:49.271Z] Checked if tokens are valid: true, expires at: 1756893694559
[debug] [2025-09-03T09:01:49.271Z] Checked if tokens are valid: true, expires at: 1756893694559
[debug] [2025-09-03T09:01:49.271Z] Checked if tokens are valid: true, expires at: 1756893694559
[debug] [2025-09-03T09:01:49.272Z] Checked if tokens are valid: true, expires at: 1756893694559
[debug] [2025-09-03T09:01:49.272Z] Checked if tokens are valid: true, expires at: 1756893694559
[debug] [2025-09-03T09:01:49.272Z] Checked if tokens are valid: true, expires at: 1756893694559
[debug] [2025-09-03T09:01:49.272Z] Checked if tokens are valid: true, expires at: 1756893694559
[debug] [2025-09-03T09:01:49.272Z] Checked if tokens are valid: true, expires at: 1756893694559
[debug] [2025-09-03T09:01:49.272Z] Checked if tokens are valid: true, expires at: 1756893694559
[debug] [2025-09-03T09:01:49.272Z] Checked if tokens are valid: true, expires at: 1756893694559
[debug] [2025-09-03T09:01:49.272Z] Checked if tokens are valid: true, expires at: 1756893694559
[debug] [2025-09-03T09:01:49.272Z] Checked if tokens are valid: true, expires at: 1756893694559
[debug] [2025-09-03T09:01:49.272Z] Checked if tokens are valid: true, expires at: 1756893694559
[debug] [2025-09-03T09:01:49.273Z] Checked if tokens are valid: true, expires at: 1756893694559
[debug] [2025-09-03T09:01:49.273Z] Checked if tokens are valid: true, expires at: 1756893694559
[debug] [2025-09-03T09:01:49.273Z] Checked if tokens are valid: true, expires at: 1756893694559
[debug] [2025-09-03T09:01:49.273Z] Checked if tokens are valid: true, expires at: 1756893694559
[debug] [2025-09-03T09:01:49.273Z] Checked if tokens are valid: true, expires at: 1756893694559
[debug] [2025-09-03T09:01:49.273Z] Checked if tokens are valid: true, expires at: 1756893694559
[debug] [2025-09-03T09:01:49.273Z] Checked if tokens are valid: true, expires at: 1756893694559
[debug] [2025-09-03T09:01:49.273Z] Checked if tokens are valid: true, expires at: 1756893694559
[debug] [2025-09-03T09:01:49.273Z] Checked if tokens are valid: true, expires at: 1756893694559
[debug] [2025-09-03T09:01:49.273Z] Checked if tokens are valid: true, expires at: 1756893694559
[debug] [2025-09-03T09:01:49.273Z] Checked if tokens are valid: true, expires at: 1756893694559
[debug] [2025-09-03T09:01:49.273Z] Checked if tokens are valid: true, expires at: 1756893694559
[debug] [2025-09-03T09:01:49.274Z] Checked if tokens are valid: true, expires at: 1756893694559
[debug] [2025-09-03T09:01:49.274Z] Checked if tokens are valid: true, expires at: 1756893694559
[debug] [2025-09-03T09:01:49.274Z] Checked if tokens are valid: true, expires at: 1756893694559
[debug] [2025-09-03T09:01:49.274Z] Checked if tokens are valid: true, expires at: 1756893694559
[debug] [2025-09-03T09:01:49.274Z] Checked if tokens are valid: true, expires at: 1756893694559
[debug] [2025-09-03T09:01:49.274Z] Checked if tokens are valid: true, expires at: 1756893694559
[debug] [2025-09-03T09:01:49.274Z] Checked if tokens are valid: true, expires at: 1756893694559
[debug] [2025-09-03T09:01:49.274Z] Checked if tokens are valid: true, expires at: 1756893694559
[debug] [2025-09-03T09:01:49.274Z] Checked if tokens are valid: true, expires at: 1756893694559
[debug] [2025-09-03T09:01:49.274Z] Checked if tokens are valid: true, expires at: 1756893694559
[debug] [2025-09-03T09:01:49.274Z] Checked if tokens are valid: true, expires at: 1756893694559
[debug] [2025-09-03T09:01:49.274Z] Checked if tokens are valid: true, expires at: 1756893694559
[debug] [2025-09-03T09:01:49.274Z] Checked if tokens are valid: true, expires at: 1756893694559
[debug] [2025-09-03T09:01:49.274Z] Checked if tokens are valid: true, expires at: 1756893694559
[debug] [2025-09-03T09:01:49.275Z] Checked if tokens are valid: true, expires at: 1756893694559
[debug] [2025-09-03T09:01:49.275Z] Checked if tokens are valid: true, expires at: 1756893694559
[debug] [2025-09-03T09:01:49.275Z] Checked if tokens are valid: true, expires at: 1756893694559
[debug] [2025-09-03T09:01:49.275Z] Checked if tokens are valid: true, expires at: 1756893694559
[debug] [2025-09-03T09:01:49.275Z] Checked if tokens are valid: true, expires at: 1756893694559
[debug] [2025-09-03T09:01:49.275Z] Checked if tokens are valid: true, expires at: 1756893694559
[debug] [2025-09-03T09:01:49.275Z] Checked if tokens are valid: true, expires at: 1756893694559
[debug] [2025-09-03T09:01:49.275Z] Checked if tokens are valid: true, expires at: 1756893694559
[debug] [2025-09-03T09:01:49.275Z] Checked if tokens are valid: true, expires at: 1756893694559
[debug] [2025-09-03T09:01:49.275Z] Checked if tokens are valid: true, expires at: 1756893694559
[debug] [2025-09-03T09:01:49.275Z] Checked if tokens are valid: true, expires at: 1756893694559
[debug] [2025-09-03T09:01:49.275Z] Checked if tokens are valid: true, expires at: 1756893694559
[debug] [2025-09-03T09:01:49.275Z] Checked if tokens are valid: true, expires at: 1756893694559
[debug] [2025-09-03T09:01:49.275Z] Checked if tokens are valid: true, expires at: 1756893694559
[debug] [2025-09-03T09:01:49.275Z] Checked if tokens are valid: true, expires at: 1756893694559
[debug] [2025-09-03T09:01:49.275Z] Checked if tokens are valid: true, expires at: 1756893694559
[debug] [2025-09-03T09:01:49.276Z] Checked if tokens are valid: true, expires at: 1756893694559
[debug] [2025-09-03T09:01:49.276Z] Checked if tokens are valid: true, expires at: 1756893694559
[debug] [2025-09-03T09:01:49.276Z] Checked if tokens are valid: true, expires at: 1756893694559
[debug] [2025-09-03T09:01:49.276Z] Checked if tokens are valid: true, expires at: 1756893694559
[debug] [2025-09-03T09:01:49.276Z] Checked if tokens are valid: true, expires at: 1756893694559
[debug] [2025-09-03T09:01:49.276Z] Checked if tokens are valid: true, expires at: 1756893694559
[debug] [2025-09-03T09:01:49.276Z] Checked if tokens are valid: true, expires at: 1756893694559
[debug] [2025-09-03T09:01:49.276Z] Checked if tokens are valid: true, expires at: 1756893694559
[debug] [2025-09-03T09:01:49.276Z] Checked if tokens are valid: true, expires at: 1756893694559
[debug] [2025-09-03T09:01:49.276Z] Checked if tokens are valid: true, expires at: 1756893694559
[debug] [2025-09-03T09:01:49.276Z] Checked if tokens are valid: true, expires at: 1756893694559
[debug] [2025-09-03T09:01:49.276Z] Checked if tokens are valid: true, expires at: 1756893694559
[debug] [2025-09-03T09:01:49.276Z] Checked if tokens are valid: true, expires at: 1756893694559
[debug] [2025-09-03T09:01:49.276Z] Checked if tokens are valid: true, expires at: 1756893694559
[debug] [2025-09-03T09:01:49.276Z] Checked if tokens are valid: true, expires at: 1756893694559
[debug] [2025-09-03T09:01:49.276Z] Checked if tokens are valid: true, expires at: 1756893694559
[debug] [2025-09-03T09:01:49.276Z] Checked if tokens are valid: true, expires at: 1756893694559
[debug] [2025-09-03T09:01:49.277Z] Checked if tokens are valid: true, expires at: 1756893694559
[debug] [2025-09-03T09:01:49.277Z] Checked if tokens are valid: true, expires at: 1756893694559
[debug] [2025-09-03T09:01:49.277Z] Checked if tokens are valid: true, expires at: 1756893694559
[debug] [2025-09-03T09:01:49.277Z] Checked if tokens are valid: true, expires at: 1756893694559
[debug] [2025-09-03T09:01:49.277Z] Checked if tokens are valid: true, expires at: 1756893694559
[debug] [2025-09-03T09:01:49.277Z] Checked if tokens are valid: true, expires at: 1756893694559
[debug] [2025-09-03T09:01:49.277Z] Checked if tokens are valid: true, expires at: 1756893694559
[debug] [2025-09-03T09:01:49.277Z] Checked if tokens are valid: true, expires at: 1756893694559
[debug] [2025-09-03T09:01:49.277Z] Checked if tokens are valid: true, expires at: 1756893694559
[debug] [2025-09-03T09:01:49.277Z] Checked if tokens are valid: true, expires at: 1756893694559
[debug] [2025-09-03T09:01:49.277Z] Checked if tokens are valid: true, expires at: 1756893694559
[debug] [2025-09-03T09:01:49.277Z] Checked if tokens are valid: true, expires at: 1756893694559
[debug] [2025-09-03T09:01:49.277Z] Checked if tokens are valid: true, expires at: 1756893694559
[debug] [2025-09-03T09:01:49.277Z] Checked if tokens are valid: true, expires at: 1756893694559
[debug] [2025-09-03T09:01:49.277Z] Checked if tokens are valid: true, expires at: 1756893694559
[debug] [2025-09-03T09:01:49.277Z] Checked if tokens are valid: true, expires at: 1756893694559
[debug] [2025-09-03T09:01:49.277Z] Checked if tokens are valid: true, expires at: 1756893694559
[debug] [2025-09-03T09:01:49.278Z] Checked if tokens are valid: true, expires at: 1756893694559
[debug] [2025-09-03T09:01:49.278Z] Checked if tokens are valid: true, expires at: 1756893694559
[debug] [2025-09-03T09:01:49.278Z] Checked if tokens are valid: true, expires at: 1756893694559
[debug] [2025-09-03T09:01:49.278Z] Checked if tokens are valid: true, expires at: 1756893694559
[debug] [2025-09-03T09:01:49.278Z] Checked if tokens are valid: true, expires at: 1756893694559
[debug] [2025-09-03T09:01:49.278Z] Checked if tokens are valid: true, expires at: 1756893694559
[debug] [2025-09-03T09:01:49.278Z] Checked if tokens are valid: true, expires at: 1756893694559
[debug] [2025-09-03T09:01:49.278Z] Checked if tokens are valid: true, expires at: 1756893694559
[debug] [2025-09-03T09:01:49.278Z] Checked if tokens are valid: true, expires at: 1756893694559
[debug] [2025-09-03T09:01:49.278Z] Checked if tokens are valid: true, expires at: 1756893694559
[debug] [2025-09-03T09:01:49.278Z] Checked if tokens are valid: true, expires at: 1756893694559
[debug] [2025-09-03T09:01:49.278Z] Checked if tokens are valid: true, expires at: 1756893694559
[debug] [2025-09-03T09:01:49.278Z] Checked if tokens are valid: true, expires at: 1756893694559
[debug] [2025-09-03T09:01:49.278Z] Checked if tokens are valid: true, expires at: 1756893694559
[debug] [2025-09-03T09:01:49.279Z] >>> [apiv2][query] POST https://upload-firebasehosting.googleapis.com/upload/sites/abigold-3f5c6/versions/91149b3b63c201d9/files/65e347cfc950582435f346841eba051a9db266d011fec0d87e75da05ad3325b9 [none]
[debug] [2025-09-03T09:01:49.279Z] >>> [apiv2][body] POST https://upload-firebasehosting.googleapis.com/upload/sites/abigold-3f5c6/versions/91149b3b63c201d9/files/65e347cfc950582435f346841eba051a9db266d011fec0d87e75da05ad3325b9 [stream]
[debug] [2025-09-03T09:01:49.280Z] >>> [apiv2][query] POST https://upload-firebasehosting.googleapis.com/upload/sites/abigold-3f5c6/versions/91149b3b63c201d9/files/c7988aa11ef975cad702a879e91067a66cfaf1e20067ecbe3b58d79c33a3d71d [none]
[debug] [2025-09-03T09:01:49.280Z] >>> [apiv2][body] POST https://upload-firebasehosting.googleapis.com/upload/sites/abigold-3f5c6/versions/91149b3b63c201d9/files/c7988aa11ef975cad702a879e91067a66cfaf1e20067ecbe3b58d79c33a3d71d [stream]
[debug] [2025-09-03T09:01:49.281Z] >>> [apiv2][query] POST https://upload-firebasehosting.googleapis.com/upload/sites/abigold-3f5c6/versions/91149b3b63c201d9/files/4a43966b1c6046e47665b23ed3c57e5627631c74e92cc5c212e2707127cae438 [none]
[debug] [2025-09-03T09:01:49.281Z] >>> [apiv2][body] POST https://upload-firebasehosting.googleapis.com/upload/sites/abigold-3f5c6/versions/91149b3b63c201d9/files/4a43966b1c6046e47665b23ed3c57e5627631c74e92cc5c212e2707127cae438 [stream]
[debug] [2025-09-03T09:01:49.282Z] >>> [apiv2][query] POST https://upload-firebasehosting.googleapis.com/upload/sites/abigold-3f5c6/versions/91149b3b63c201d9/files/4fe33a6e5a1d1eb1843ffa28a50172b9bca3166fd6eaa76b1fc7fa67a2a99f4c [none]
[debug] [2025-09-03T09:01:49.282Z] >>> [apiv2][body] POST https://upload-firebasehosting.googleapis.com/upload/sites/abigold-3f5c6/versions/91149b3b63c201d9/files/4fe33a6e5a1d1eb1843ffa28a50172b9bca3166fd6eaa76b1fc7fa67a2a99f4c [stream]
[debug] [2025-09-03T09:01:49.283Z] >>> [apiv2][query] POST https://upload-firebasehosting.googleapis.com/upload/sites/abigold-3f5c6/versions/91149b3b63c201d9/files/3539ea7a684de490025c867d002e84d6595f953042a2d2acc067a3f06f438205 [none]
[debug] [2025-09-03T09:01:49.283Z] >>> [apiv2][body] POST https://upload-firebasehosting.googleapis.com/upload/sites/abigold-3f5c6/versions/91149b3b63c201d9/files/3539ea7a684de490025c867d002e84d6595f953042a2d2acc067a3f06f438205 [stream]
[debug] [2025-09-03T09:01:49.284Z] >>> [apiv2][query] POST https://upload-firebasehosting.googleapis.com/upload/sites/abigold-3f5c6/versions/91149b3b63c201d9/files/c4cdabd05170f84c623bc027e3a5877a7fca9ab6b96be2b886c75c21e975ff6a [none]
[debug] [2025-09-03T09:01:49.284Z] >>> [apiv2][body] POST https://upload-firebasehosting.googleapis.com/upload/sites/abigold-3f5c6/versions/91149b3b63c201d9/files/c4cdabd05170f84c623bc027e3a5877a7fca9ab6b96be2b886c75c21e975ff6a [stream]
[debug] [2025-09-03T09:01:49.285Z] >>> [apiv2][query] POST https://upload-firebasehosting.googleapis.com/upload/sites/abigold-3f5c6/versions/91149b3b63c201d9/files/154a8c2948836a88c695a789045bc44cc74c3d8958d5785a531d26324bc42cb1 [none]
[debug] [2025-09-03T09:01:49.285Z] >>> [apiv2][body] POST https://upload-firebasehosting.googleapis.com/upload/sites/abigold-3f5c6/versions/91149b3b63c201d9/files/154a8c2948836a88c695a789045bc44cc74c3d8958d5785a531d26324bc42cb1 [stream]
[debug] [2025-09-03T09:01:49.286Z] >>> [apiv2][query] POST https://upload-firebasehosting.googleapis.com/upload/sites/abigold-3f5c6/versions/91149b3b63c201d9/files/a89675c4d1e3efbe683043d7321d8bf4c8f0ff0f547c8ba56cd6373f3d471fc5 [none]
[debug] [2025-09-03T09:01:49.286Z] >>> [apiv2][body] POST https://upload-firebasehosting.googleapis.com/upload/sites/abigold-3f5c6/versions/91149b3b63c201d9/files/a89675c4d1e3efbe683043d7321d8bf4c8f0ff0f547c8ba56cd6373f3d471fc5 [stream]
[debug] [2025-09-03T09:01:49.287Z] >>> [apiv2][query] POST https://upload-firebasehosting.googleapis.com/upload/sites/abigold-3f5c6/versions/91149b3b63c201d9/files/85971e8ad35115e15402ba33ce18c368026fa988c2360bfcaabf03333758d104 [none]
[debug] [2025-09-03T09:01:49.287Z] >>> [apiv2][body] POST https://upload-firebasehosting.googleapis.com/upload/sites/abigold-3f5c6/versions/91149b3b63c201d9/files/85971e8ad35115e15402ba33ce18c368026fa988c2360bfcaabf03333758d104 [stream]
[debug] [2025-09-03T09:01:49.288Z] >>> [apiv2][query] POST https://upload-firebasehosting.googleapis.com/upload/sites/abigold-3f5c6/versions/91149b3b63c201d9/files/3a546b92cfc372e19e09b1843c2b16c8073745bcb7e7e1a301d0a0e5de303bcf [none]
[debug] [2025-09-03T09:01:49.288Z] >>> [apiv2][body] POST https://upload-firebasehosting.googleapis.com/upload/sites/abigold-3f5c6/versions/91149b3b63c201d9/files/3a546b92cfc372e19e09b1843c2b16c8073745bcb7e7e1a301d0a0e5de303bcf [stream]
[debug] [2025-09-03T09:01:49.289Z] >>> [apiv2][query] POST https://upload-firebasehosting.googleapis.com/upload/sites/abigold-3f5c6/versions/91149b3b63c201d9/files/d06f3a304ec8c8c900fd03a5a0cda7c50c77891189d20fe0bc6b92d229822855 [none]
[debug] [2025-09-03T09:01:49.289Z] >>> [apiv2][body] POST https://upload-firebasehosting.googleapis.com/upload/sites/abigold-3f5c6/versions/91149b3b63c201d9/files/d06f3a304ec8c8c900fd03a5a0cda7c50c77891189d20fe0bc6b92d229822855 [stream]
[debug] [2025-09-03T09:01:49.290Z] >>> [apiv2][query] POST https://upload-firebasehosting.googleapis.com/upload/sites/abigold-3f5c6/versions/91149b3b63c201d9/files/9ef09984eb8c2ea923eff1eceedbeb2f5cf25369683e84b2b95a5d07aa64e455 [none]
[debug] [2025-09-03T09:01:49.290Z] >>> [apiv2][body] POST https://upload-firebasehosting.googleapis.com/upload/sites/abigold-3f5c6/versions/91149b3b63c201d9/files/9ef09984eb8c2ea923eff1eceedbeb2f5cf25369683e84b2b95a5d07aa64e455 [stream]
[debug] [2025-09-03T09:01:49.290Z] >>> [apiv2][query] POST https://upload-firebasehosting.googleapis.com/upload/sites/abigold-3f5c6/versions/91149b3b63c201d9/files/3a2688241578ed175203e07308b92cf7cd95da24d3c03ef5eb9cb68c3ff0f7af [none]
[debug] [2025-09-03T09:01:49.290Z] >>> [apiv2][body] POST https://upload-firebasehosting.googleapis.com/upload/sites/abigold-3f5c6/versions/91149b3b63c201d9/files/3a2688241578ed175203e07308b92cf7cd95da24d3c03ef5eb9cb68c3ff0f7af [stream]
[debug] [2025-09-03T09:01:49.291Z] >>> [apiv2][query] POST https://upload-firebasehosting.googleapis.com/upload/sites/abigold-3f5c6/versions/91149b3b63c201d9/files/9a61e768442ba3450026d0d69421315044931cbffaf8f6019f856ea82dd91e4e [none]
[debug] [2025-09-03T09:01:49.291Z] >>> [apiv2][body] POST https://upload-firebasehosting.googleapis.com/upload/sites/abigold-3f5c6/versions/91149b3b63c201d9/files/9a61e768442ba3450026d0d69421315044931cbffaf8f6019f856ea82dd91e4e [stream]
[debug] [2025-09-03T09:01:49.292Z] >>> [apiv2][query] POST https://upload-firebasehosting.googleapis.com/upload/sites/abigold-3f5c6/versions/91149b3b63c201d9/files/276ec0cf7c05c24622ff7d2888888326f1efbfdef8000e27c0c7bbbe2376f8bd [none]
[debug] [2025-09-03T09:01:49.292Z] >>> [apiv2][body] POST https://upload-firebasehosting.googleapis.com/upload/sites/abigold-3f5c6/versions/91149b3b63c201d9/files/276ec0cf7c05c24622ff7d2888888326f1efbfdef8000e27c0c7bbbe2376f8bd [stream]
[debug] [2025-09-03T09:01:49.293Z] >>> [apiv2][query] POST https://upload-firebasehosting.googleapis.com/upload/sites/abigold-3f5c6/versions/91149b3b63c201d9/files/6eb70570845eb4570abd8b503ca4a4980732fb05699ff6030d2e7198e325f406 [none]
[debug] [2025-09-03T09:01:49.293Z] >>> [apiv2][body] POST https://upload-firebasehosting.googleapis.com/upload/sites/abigold-3f5c6/versions/91149b3b63c201d9/files/6eb70570845eb4570abd8b503ca4a4980732fb05699ff6030d2e7198e325f406 [stream]
[debug] [2025-09-03T09:01:49.293Z] >>> [apiv2][query] POST https://upload-firebasehosting.googleapis.com/upload/sites/abigold-3f5c6/versions/91149b3b63c201d9/files/8f0c2dd9e1093bd4f54a6d917c84f2795076ef6d8f2e335da156ae77f26156df [none]
[debug] [2025-09-03T09:01:49.293Z] >>> [apiv2][body] POST https://upload-firebasehosting.googleapis.com/upload/sites/abigold-3f5c6/versions/91149b3b63c201d9/files/8f0c2dd9e1093bd4f54a6d917c84f2795076ef6d8f2e335da156ae77f26156df [stream]
[debug] [2025-09-03T09:01:49.294Z] >>> [apiv2][query] POST https://upload-firebasehosting.googleapis.com/upload/sites/abigold-3f5c6/versions/91149b3b63c201d9/files/fb750b6697d82a6eefe43ecc5f2be1a057b4160ec0a401cf861d77c6b9eab702 [none]
[debug] [2025-09-03T09:01:49.294Z] >>> [apiv2][body] POST https://upload-firebasehosting.googleapis.com/upload/sites/abigold-3f5c6/versions/91149b3b63c201d9/files/fb750b6697d82a6eefe43ecc5f2be1a057b4160ec0a401cf861d77c6b9eab702 [stream]
[debug] [2025-09-03T09:01:49.295Z] >>> [apiv2][query] POST https://upload-firebasehosting.googleapis.com/upload/sites/abigold-3f5c6/versions/91149b3b63c201d9/files/e3e5ff8a74b4ec985bd06d4a8307bcfb6c37721c558f20e3a4c0811a2578ea47 [none]
[debug] [2025-09-03T09:01:49.295Z] >>> [apiv2][body] POST https://upload-firebasehosting.googleapis.com/upload/sites/abigold-3f5c6/versions/91149b3b63c201d9/files/e3e5ff8a74b4ec985bd06d4a8307bcfb6c37721c558f20e3a4c0811a2578ea47 [stream]
[debug] [2025-09-03T09:01:49.295Z] >>> [apiv2][query] POST https://upload-firebasehosting.googleapis.com/upload/sites/abigold-3f5c6/versions/91149b3b63c201d9/files/bfd15e3cac822279dbce13d5b70a561ad4d0b3e43c878fcbb5afb2eb3071b509 [none]
[debug] [2025-09-03T09:01:49.295Z] >>> [apiv2][body] POST https://upload-firebasehosting.googleapis.com/upload/sites/abigold-3f5c6/versions/91149b3b63c201d9/files/bfd15e3cac822279dbce13d5b70a561ad4d0b3e43c878fcbb5afb2eb3071b509 [stream]
[debug] [2025-09-03T09:01:49.296Z] >>> [apiv2][query] POST https://upload-firebasehosting.googleapis.com/upload/sites/abigold-3f5c6/versions/91149b3b63c201d9/files/ffe166407c928caa4d1640e2786d3385468043b3b9e6ea2282d4a3e370b3bc23 [none]
[debug] [2025-09-03T09:01:49.296Z] >>> [apiv2][body] POST https://upload-firebasehosting.googleapis.com/upload/sites/abigold-3f5c6/versions/91149b3b63c201d9/files/ffe166407c928caa4d1640e2786d3385468043b3b9e6ea2282d4a3e370b3bc23 [stream]
[debug] [2025-09-03T09:01:49.296Z] >>> [apiv2][query] POST https://upload-firebasehosting.googleapis.com/upload/sites/abigold-3f5c6/versions/91149b3b63c201d9/files/4009d1f961abf6d790637afe9c8dcd259af55110f04565ce0b5d1accae250d7f [none]
[debug] [2025-09-03T09:01:49.297Z] >>> [apiv2][body] POST https://upload-firebasehosting.googleapis.com/upload/sites/abigold-3f5c6/versions/91149b3b63c201d9/files/4009d1f961abf6d790637afe9c8dcd259af55110f04565ce0b5d1accae250d7f [stream]
[debug] [2025-09-03T09:01:49.297Z] >>> [apiv2][query] POST https://upload-firebasehosting.googleapis.com/upload/sites/abigold-3f5c6/versions/91149b3b63c201d9/files/884c44ede438e2fad925f6b9ce718e0a5eaa140cdc9bbe10ce4e4d96f7e79b0d [none]
[debug] [2025-09-03T09:01:49.297Z] >>> [apiv2][body] POST https://upload-firebasehosting.googleapis.com/upload/sites/abigold-3f5c6/versions/91149b3b63c201d9/files/884c44ede438e2fad925f6b9ce718e0a5eaa140cdc9bbe10ce4e4d96f7e79b0d [stream]
[debug] [2025-09-03T09:01:49.298Z] >>> [apiv2][query] POST https://upload-firebasehosting.googleapis.com/upload/sites/abigold-3f5c6/versions/91149b3b63c201d9/files/95d6fcafedffa61e3fd44d1e8781b18d875ff7283d988ea46e52eff12085c0c0 [none]
[debug] [2025-09-03T09:01:49.298Z] >>> [apiv2][body] POST https://upload-firebasehosting.googleapis.com/upload/sites/abigold-3f5c6/versions/91149b3b63c201d9/files/95d6fcafedffa61e3fd44d1e8781b18d875ff7283d988ea46e52eff12085c0c0 [stream]
[debug] [2025-09-03T09:01:49.298Z] >>> [apiv2][query] POST https://upload-firebasehosting.googleapis.com/upload/sites/abigold-3f5c6/versions/91149b3b63c201d9/files/11deaca6eadbb148caace8a5fe4a67353112de0afc5da83005d4797e403ab4f1 [none]
[debug] [2025-09-03T09:01:49.298Z] >>> [apiv2][body] POST https://upload-firebasehosting.googleapis.com/upload/sites/abigold-3f5c6/versions/91149b3b63c201d9/files/11deaca6eadbb148caace8a5fe4a67353112de0afc5da83005d4797e403ab4f1 [stream]
[debug] [2025-09-03T09:01:49.299Z] >>> [apiv2][query] POST https://upload-firebasehosting.googleapis.com/upload/sites/abigold-3f5c6/versions/91149b3b63c201d9/files/d2665f0056e360100eab2ef31eae72217180a8ac0229d2a05b9a6790f202c29a [none]
[debug] [2025-09-03T09:01:49.299Z] >>> [apiv2][body] POST https://upload-firebasehosting.googleapis.com/upload/sites/abigold-3f5c6/versions/91149b3b63c201d9/files/d2665f0056e360100eab2ef31eae72217180a8ac0229d2a05b9a6790f202c29a [stream]
[debug] [2025-09-03T09:01:49.300Z] >>> [apiv2][query] POST https://upload-firebasehosting.googleapis.com/upload/sites/abigold-3f5c6/versions/91149b3b63c201d9/files/085da827b09a179a6206f27b2c6744044861635e03a998a67e0204d4df8e28a3 [none]
[debug] [2025-09-03T09:01:49.300Z] >>> [apiv2][body] POST https://upload-firebasehosting.googleapis.com/upload/sites/abigold-3f5c6/versions/91149b3b63c201d9/files/085da827b09a179a6206f27b2c6744044861635e03a998a67e0204d4df8e28a3 [stream]
[debug] [2025-09-03T09:01:49.300Z] >>> [apiv2][query] POST https://upload-firebasehosting.googleapis.com/upload/sites/abigold-3f5c6/versions/91149b3b63c201d9/files/33c5c6ad1d08bb69d8026289530e377b4d6e2a96f24562e209fd1e1e9ccee64a [none]
[debug] [2025-09-03T09:01:49.300Z] >>> [apiv2][body] POST https://upload-firebasehosting.googleapis.com/upload/sites/abigold-3f5c6/versions/91149b3b63c201d9/files/33c5c6ad1d08bb69d8026289530e377b4d6e2a96f24562e209fd1e1e9ccee64a [stream]
[debug] [2025-09-03T09:01:49.301Z] >>> [apiv2][query] POST https://upload-firebasehosting.googleapis.com/upload/sites/abigold-3f5c6/versions/91149b3b63c201d9/files/a5256962dd400da66d3ff3b0c8a7e21448c580e5681c47016f5e7395553e6d81 [none]
[debug] [2025-09-03T09:01:49.301Z] >>> [apiv2][body] POST https://upload-firebasehosting.googleapis.com/upload/sites/abigold-3f5c6/versions/91149b3b63c201d9/files/a5256962dd400da66d3ff3b0c8a7e21448c580e5681c47016f5e7395553e6d81 [stream]
[debug] [2025-09-03T09:01:49.301Z] >>> [apiv2][query] POST https://upload-firebasehosting.googleapis.com/upload/sites/abigold-3f5c6/versions/91149b3b63c201d9/files/2ac08135df7c63b70b3f188c17894df0dc8faf94699643079ac14b122a6fe22d [none]
[debug] [2025-09-03T09:01:49.302Z] >>> [apiv2][body] POST https://upload-firebasehosting.googleapis.com/upload/sites/abigold-3f5c6/versions/91149b3b63c201d9/files/2ac08135df7c63b70b3f188c17894df0dc8faf94699643079ac14b122a6fe22d [stream]
[debug] [2025-09-03T09:01:49.302Z] >>> [apiv2][query] POST https://upload-firebasehosting.googleapis.com/upload/sites/abigold-3f5c6/versions/91149b3b63c201d9/files/66a7c0a3b6ec582d2d0e5c4af2fcca19e93a746302dd2b076ceff753d9e5d618 [none]
[debug] [2025-09-03T09:01:49.302Z] >>> [apiv2][body] POST https://upload-firebasehosting.googleapis.com/upload/sites/abigold-3f5c6/versions/91149b3b63c201d9/files/66a7c0a3b6ec582d2d0e5c4af2fcca19e93a746302dd2b076ceff753d9e5d618 [stream]
[debug] [2025-09-03T09:01:49.303Z] >>> [apiv2][query] POST https://upload-firebasehosting.googleapis.com/upload/sites/abigold-3f5c6/versions/91149b3b63c201d9/files/eafb6c70d2e7ebe7fd897d75b626d6e70f4ff94913087d9b71562c3df17a513e [none]
[debug] [2025-09-03T09:01:49.303Z] >>> [apiv2][body] POST https://upload-firebasehosting.googleapis.com/upload/sites/abigold-3f5c6/versions/91149b3b63c201d9/files/eafb6c70d2e7ebe7fd897d75b626d6e70f4ff94913087d9b71562c3df17a513e [stream]
[debug] [2025-09-03T09:01:49.303Z] >>> [apiv2][query] POST https://upload-firebasehosting.googleapis.com/upload/sites/abigold-3f5c6/versions/91149b3b63c201d9/files/5125790a7c6f1be83478df1dc78be85241113a6348e96f1259fc81cdeaaaab11 [none]
[debug] [2025-09-03T09:01:49.303Z] >>> [apiv2][body] POST https://upload-firebasehosting.googleapis.com/upload/sites/abigold-3f5c6/versions/91149b3b63c201d9/files/5125790a7c6f1be83478df1dc78be85241113a6348e96f1259fc81cdeaaaab11 [stream]
[debug] [2025-09-03T09:01:49.304Z] >>> [apiv2][query] POST https://upload-firebasehosting.googleapis.com/upload/sites/abigold-3f5c6/versions/91149b3b63c201d9/files/f64c3e9938674e909d20988bd338338525a145c1784748f7d7ca3597e324a9a9 [none]
[debug] [2025-09-03T09:01:49.304Z] >>> [apiv2][body] POST https://upload-firebasehosting.googleapis.com/upload/sites/abigold-3f5c6/versions/91149b3b63c201d9/files/f64c3e9938674e909d20988bd338338525a145c1784748f7d7ca3597e324a9a9 [stream]
[debug] [2025-09-03T09:01:49.305Z] >>> [apiv2][query] POST https://upload-firebasehosting.googleapis.com/upload/sites/abigold-3f5c6/versions/91149b3b63c201d9/files/a110943754c663eaa842e591906867960f9023671058ee7b372b16b9be9b8717 [none]
[debug] [2025-09-03T09:01:49.305Z] >>> [apiv2][body] POST https://upload-firebasehosting.googleapis.com/upload/sites/abigold-3f5c6/versions/91149b3b63c201d9/files/a110943754c663eaa842e591906867960f9023671058ee7b372b16b9be9b8717 [stream]
[debug] [2025-09-03T09:01:49.305Z] >>> [apiv2][query] POST https://upload-firebasehosting.googleapis.com/upload/sites/abigold-3f5c6/versions/91149b3b63c201d9/files/41a46b6887feca1b986fe9a8fdf0ea0023d570bb96cb3bb72483a4ea117fc609 [none]
[debug] [2025-09-03T09:01:49.305Z] >>> [apiv2][body] POST https://upload-firebasehosting.googleapis.com/upload/sites/abigold-3f5c6/versions/91149b3b63c201d9/files/41a46b6887feca1b986fe9a8fdf0ea0023d570bb96cb3bb72483a4ea117fc609 [stream]
[debug] [2025-09-03T09:01:49.306Z] >>> [apiv2][query] POST https://upload-firebasehosting.googleapis.com/upload/sites/abigold-3f5c6/versions/91149b3b63c201d9/files/ae1aea60af0ce279027dbedb00e31bc21bc863d3d0328e068f4028ab271c4624 [none]
[debug] [2025-09-03T09:01:49.306Z] >>> [apiv2][body] POST https://upload-firebasehosting.googleapis.com/upload/sites/abigold-3f5c6/versions/91149b3b63c201d9/files/ae1aea60af0ce279027dbedb00e31bc21bc863d3d0328e068f4028ab271c4624 [stream]
[debug] [2025-09-03T09:01:49.307Z] >>> [apiv2][query] POST https://upload-firebasehosting.googleapis.com/upload/sites/abigold-3f5c6/versions/91149b3b63c201d9/files/e509fc571307ebb911e1b8ff9654c16c2c01671211fa3afd62b4492f05362ed1 [none]
[debug] [2025-09-03T09:01:49.307Z] >>> [apiv2][body] POST https://upload-firebasehosting.googleapis.com/upload/sites/abigold-3f5c6/versions/91149b3b63c201d9/files/e509fc571307ebb911e1b8ff9654c16c2c01671211fa3afd62b4492f05362ed1 [stream]
[debug] [2025-09-03T09:01:49.307Z] >>> [apiv2][query] POST https://upload-firebasehosting.googleapis.com/upload/sites/abigold-3f5c6/versions/91149b3b63c201d9/files/2f1590decfebbe1f44f9f4f45cc03b99c4c1e78cf3a292d1b0c9ff04214eceb4 [none]
[debug] [2025-09-03T09:01:49.307Z] >>> [apiv2][body] POST https://upload-firebasehosting.googleapis.com/upload/sites/abigold-3f5c6/versions/91149b3b63c201d9/files/2f1590decfebbe1f44f9f4f45cc03b99c4c1e78cf3a292d1b0c9ff04214eceb4 [stream]
[debug] [2025-09-03T09:01:49.308Z] >>> [apiv2][query] POST https://upload-firebasehosting.googleapis.com/upload/sites/abigold-3f5c6/versions/91149b3b63c201d9/files/508c4ec6d0b8183a61149b8add86dec608f0233510b83eb6429b97a7e70c72f6 [none]
[debug] [2025-09-03T09:01:49.308Z] >>> [apiv2][body] POST https://upload-firebasehosting.googleapis.com/upload/sites/abigold-3f5c6/versions/91149b3b63c201d9/files/508c4ec6d0b8183a61149b8add86dec608f0233510b83eb6429b97a7e70c72f6 [stream]
[debug] [2025-09-03T09:01:49.308Z] >>> [apiv2][query] POST https://upload-firebasehosting.googleapis.com/upload/sites/abigold-3f5c6/versions/91149b3b63c201d9/files/0f8802322f04497d675b3f1a7f5a1f4769e17017de5f165965aaf83d39d619fb [none]
[debug] [2025-09-03T09:01:49.309Z] >>> [apiv2][body] POST https://upload-firebasehosting.googleapis.com/upload/sites/abigold-3f5c6/versions/91149b3b63c201d9/files/0f8802322f04497d675b3f1a7f5a1f4769e17017de5f165965aaf83d39d619fb [stream]
[debug] [2025-09-03T09:01:49.309Z] >>> [apiv2][query] POST https://upload-firebasehosting.googleapis.com/upload/sites/abigold-3f5c6/versions/91149b3b63c201d9/files/e7505f61b5302ac9ee9785fa31b5014775127ee8398bbfce396a49cd9316c89f [none]
[debug] [2025-09-03T09:01:49.309Z] >>> [apiv2][body] POST https://upload-firebasehosting.googleapis.com/upload/sites/abigold-3f5c6/versions/91149b3b63c201d9/files/e7505f61b5302ac9ee9785fa31b5014775127ee8398bbfce396a49cd9316c89f [stream]
[debug] [2025-09-03T09:01:49.310Z] >>> [apiv2][query] POST https://upload-firebasehosting.googleapis.com/upload/sites/abigold-3f5c6/versions/91149b3b63c201d9/files/3001d1412e206cc30913c43522012924d2bdbf452c80bab40cf135d97d027bb5 [none]
[debug] [2025-09-03T09:01:49.310Z] >>> [apiv2][body] POST https://upload-firebasehosting.googleapis.com/upload/sites/abigold-3f5c6/versions/91149b3b63c201d9/files/3001d1412e206cc30913c43522012924d2bdbf452c80bab40cf135d97d027bb5 [stream]
[debug] [2025-09-03T09:01:49.310Z] >>> [apiv2][query] POST https://upload-firebasehosting.googleapis.com/upload/sites/abigold-3f5c6/versions/91149b3b63c201d9/files/bea630d9824beca22855271c757404b58bb7b410c52a5e7d58d69ff26d9ddd0b [none]
[debug] [2025-09-03T09:01:49.310Z] >>> [apiv2][body] POST https://upload-firebasehosting.googleapis.com/upload/sites/abigold-3f5c6/versions/91149b3b63c201d9/files/bea630d9824beca22855271c757404b58bb7b410c52a5e7d58d69ff26d9ddd0b [stream]
[debug] [2025-09-03T09:01:49.311Z] >>> [apiv2][query] POST https://upload-firebasehosting.googleapis.com/upload/sites/abigold-3f5c6/versions/91149b3b63c201d9/files/e15622b231c35b4ad9a888e989767851d5ea16aa29f755636248f3a944577326 [none]
[debug] [2025-09-03T09:01:49.311Z] >>> [apiv2][body] POST https://upload-firebasehosting.googleapis.com/upload/sites/abigold-3f5c6/versions/91149b3b63c201d9/files/e15622b231c35b4ad9a888e989767851d5ea16aa29f755636248f3a944577326 [stream]
[debug] [2025-09-03T09:01:49.312Z] >>> [apiv2][query] POST https://upload-firebasehosting.googleapis.com/upload/sites/abigold-3f5c6/versions/91149b3b63c201d9/files/c1b0314107389494cfc322c69c0e268f718b05354280c17755a80850982606aa [none]
[debug] [2025-09-03T09:01:49.312Z] >>> [apiv2][body] POST https://upload-firebasehosting.googleapis.com/upload/sites/abigold-3f5c6/versions/91149b3b63c201d9/files/c1b0314107389494cfc322c69c0e268f718b05354280c17755a80850982606aa [stream]
[debug] [2025-09-03T09:01:49.312Z] >>> [apiv2][query] POST https://upload-firebasehosting.googleapis.com/upload/sites/abigold-3f5c6/versions/91149b3b63c201d9/files/2d237aaaa62bc7f7f421c1cfe185a63cc547ef769b03ba3c1c37430d38f6925f [none]
[debug] [2025-09-03T09:01:49.312Z] >>> [apiv2][body] POST https://upload-firebasehosting.googleapis.com/upload/sites/abigold-3f5c6/versions/91149b3b63c201d9/files/2d237aaaa62bc7f7f421c1cfe185a63cc547ef769b03ba3c1c37430d38f6925f [stream]
[debug] [2025-09-03T09:01:49.313Z] >>> [apiv2][query] POST https://upload-firebasehosting.googleapis.com/upload/sites/abigold-3f5c6/versions/91149b3b63c201d9/files/5c126729f9831113842c425975615db312fa26d39f3a9e1baa47d4ad65ac2f90 [none]
[debug] [2025-09-03T09:01:49.313Z] >>> [apiv2][body] POST https://upload-firebasehosting.googleapis.com/upload/sites/abigold-3f5c6/versions/91149b3b63c201d9/files/5c126729f9831113842c425975615db312fa26d39f3a9e1baa47d4ad65ac2f90 [stream]
[debug] [2025-09-03T09:01:49.313Z] >>> [apiv2][query] POST https://upload-firebasehosting.googleapis.com/upload/sites/abigold-3f5c6/versions/91149b3b63c201d9/files/04614fc32690cb60b39e472119b7f7aa91d88eaeb8511a7489f8cbe1552e6e59 [none]
[debug] [2025-09-03T09:01:49.313Z] >>> [apiv2][body] POST https://upload-firebasehosting.googleapis.com/upload/sites/abigold-3f5c6/versions/91149b3b63c201d9/files/04614fc32690cb60b39e472119b7f7aa91d88eaeb8511a7489f8cbe1552e6e59 [stream]
[debug] [2025-09-03T09:01:49.314Z] >>> [apiv2][query] POST https://upload-firebasehosting.googleapis.com/upload/sites/abigold-3f5c6/versions/91149b3b63c201d9/files/4a84c2fb41a6131d25d862169f3177523b9073631ab7eb65731a6943076cce60 [none]
[debug] [2025-09-03T09:01:49.314Z] >>> [apiv2][body] POST https://upload-firebasehosting.googleapis.com/upload/sites/abigold-3f5c6/versions/91149b3b63c201d9/files/4a84c2fb41a6131d25d862169f3177523b9073631ab7eb65731a6943076cce60 [stream]
[debug] [2025-09-03T09:01:49.315Z] >>> [apiv2][query] POST https://upload-firebasehosting.googleapis.com/upload/sites/abigold-3f5c6/versions/91149b3b63c201d9/files/b06776966b3b0ec7dfcec9827cdfa07a1e931158fa9f87ba709f8fe73cd05f2b [none]
[debug] [2025-09-03T09:01:49.315Z] >>> [apiv2][body] POST https://upload-firebasehosting.googleapis.com/upload/sites/abigold-3f5c6/versions/91149b3b63c201d9/files/b06776966b3b0ec7dfcec9827cdfa07a1e931158fa9f87ba709f8fe73cd05f2b [stream]
[debug] [2025-09-03T09:01:49.315Z] >>> [apiv2][query] POST https://upload-firebasehosting.googleapis.com/upload/sites/abigold-3f5c6/versions/91149b3b63c201d9/files/8a5e1372c8e943a0f2e8fb02d68178f713816e63e7fde05709eeeb38d747452e [none]
[debug] [2025-09-03T09:01:49.315Z] >>> [apiv2][body] POST https://upload-firebasehosting.googleapis.com/upload/sites/abigold-3f5c6/versions/91149b3b63c201d9/files/8a5e1372c8e943a0f2e8fb02d68178f713816e63e7fde05709eeeb38d747452e [stream]
[debug] [2025-09-03T09:01:49.316Z] >>> [apiv2][query] POST https://upload-firebasehosting.googleapis.com/upload/sites/abigold-3f5c6/versions/91149b3b63c201d9/files/4f76b73056f005130b10aa031352096448f6fe6f72694293e64c246410ab2c1d [none]
[debug] [2025-09-03T09:01:49.316Z] >>> [apiv2][body] POST https://upload-firebasehosting.googleapis.com/upload/sites/abigold-3f5c6/versions/91149b3b63c201d9/files/4f76b73056f005130b10aa031352096448f6fe6f72694293e64c246410ab2c1d [stream]
[debug] [2025-09-03T09:01:49.316Z] >>> [apiv2][query] POST https://upload-firebasehosting.googleapis.com/upload/sites/abigold-3f5c6/versions/91149b3b63c201d9/files/79f7cc75fb46517f741b75986b1a5abb780af13bf7e98a59f6ee51b05a583f58 [none]
[debug] [2025-09-03T09:01:49.317Z] >>> [apiv2][body] POST https://upload-firebasehosting.googleapis.com/upload/sites/abigold-3f5c6/versions/91149b3b63c201d9/files/79f7cc75fb46517f741b75986b1a5abb780af13bf7e98a59f6ee51b05a583f58 [stream]
[debug] [2025-09-03T09:01:49.317Z] >>> [apiv2][query] POST https://upload-firebasehosting.googleapis.com/upload/sites/abigold-3f5c6/versions/91149b3b63c201d9/files/9b473c726d6093a5bc19f84f0c6f61d53c32f0f74e6688db85ca06cbea6f1c9f [none]
[debug] [2025-09-03T09:01:49.317Z] >>> [apiv2][body] POST https://upload-firebasehosting.googleapis.com/upload/sites/abigold-3f5c6/versions/91149b3b63c201d9/files/9b473c726d6093a5bc19f84f0c6f61d53c32f0f74e6688db85ca06cbea6f1c9f [stream]
[debug] [2025-09-03T09:01:49.318Z] >>> [apiv2][query] POST https://upload-firebasehosting.googleapis.com/upload/sites/abigold-3f5c6/versions/91149b3b63c201d9/files/a5a46101c6cfec35b8db11bfe2f882f6459a578ca9fa073044672dfa51e3533b [none]
[debug] [2025-09-03T09:01:49.318Z] >>> [apiv2][body] POST https://upload-firebasehosting.googleapis.com/upload/sites/abigold-3f5c6/versions/91149b3b63c201d9/files/a5a46101c6cfec35b8db11bfe2f882f6459a578ca9fa073044672dfa51e3533b [stream]
[debug] [2025-09-03T09:01:49.318Z] >>> [apiv2][query] POST https://upload-firebasehosting.googleapis.com/upload/sites/abigold-3f5c6/versions/91149b3b63c201d9/files/1696d09f7f32410684baa65e4d30f185f93165157f5c3a8cee01b50e821c38ba [none]
[debug] [2025-09-03T09:01:49.318Z] >>> [apiv2][body] POST https://upload-firebasehosting.googleapis.com/upload/sites/abigold-3f5c6/versions/91149b3b63c201d9/files/1696d09f7f32410684baa65e4d30f185f93165157f5c3a8cee01b50e821c38ba [stream]
[debug] [2025-09-03T09:01:49.319Z] >>> [apiv2][query] POST https://upload-firebasehosting.googleapis.com/upload/sites/abigold-3f5c6/versions/91149b3b63c201d9/files/d8247ebd9b9c173d843cfc1a1fc70e9d13accb19c84a80d007157dd5692aea66 [none]
[debug] [2025-09-03T09:01:49.319Z] >>> [apiv2][body] POST https://upload-firebasehosting.googleapis.com/upload/sites/abigold-3f5c6/versions/91149b3b63c201d9/files/d8247ebd9b9c173d843cfc1a1fc70e9d13accb19c84a80d007157dd5692aea66 [stream]
[debug] [2025-09-03T09:01:49.319Z] [hosting][populate queue][FINAL] {"max":1015,"min":1015,"avg":1015,"active":0,"complete":1,"success":1,"errored":0,"retried":0,"total":1,"elapsed":1056}
[debug] [2025-09-03T09:01:49.320Z] [hosting] uploads queued: 58
[debug] [2025-09-03T09:01:50.899Z] <<< [apiv2][status] POST https://upload-firebasehosting.googleapis.com/upload/sites/abigold-3f5c6/versions/91149b3b63c201d9/files/e3e5ff8a74b4ec985bd06d4a8307bcfb6c37721c558f20e3a4c0811a2578ea47 200
[debug] [2025-09-03T09:01:50.899Z] <<< [apiv2][body] POST https://upload-firebasehosting.googleapis.com/upload/sites/abigold-3f5c6/versions/91149b3b63c201d9/files/e3e5ff8a74b4ec985bd06d4a8307bcfb6c37721c558f20e3a4c0811a2578ea47 [stream]
[debug] [2025-09-03T09:01:50.926Z] <<< [apiv2][status] POST https://upload-firebasehosting.googleapis.com/upload/sites/abigold-3f5c6/versions/91149b3b63c201d9/files/66a7c0a3b6ec582d2d0e5c4af2fcca19e93a746302dd2b076ceff753d9e5d618 200
[debug] [2025-09-03T09:01:50.926Z] <<< [apiv2][body] POST https://upload-firebasehosting.googleapis.com/upload/sites/abigold-3f5c6/versions/91149b3b63c201d9/files/66a7c0a3b6ec582d2d0e5c4af2fcca19e93a746302dd2b076ceff753d9e5d618 [stream]
[debug] [2025-09-03T09:01:50.972Z] <<< [apiv2][status] POST https://upload-firebasehosting.googleapis.com/upload/sites/abigold-3f5c6/versions/91149b3b63c201d9/files/eafb6c70d2e7ebe7fd897d75b626d6e70f4ff94913087d9b71562c3df17a513e 200
[debug] [2025-09-03T09:01:50.972Z] <<< [apiv2][body] POST https://upload-firebasehosting.googleapis.com/upload/sites/abigold-3f5c6/versions/91149b3b63c201d9/files/eafb6c70d2e7ebe7fd897d75b626d6e70f4ff94913087d9b71562c3df17a513e [stream]
[debug] [2025-09-03T09:01:50.992Z] <<< [apiv2][status] POST https://upload-firebasehosting.googleapis.com/upload/sites/abigold-3f5c6/versions/91149b3b63c201d9/files/c4cdabd05170f84c623bc027e3a5877a7fca9ab6b96be2b886c75c21e975ff6a 200
[debug] [2025-09-03T09:01:50.993Z] <<< [apiv2][body] POST https://upload-firebasehosting.googleapis.com/upload/sites/abigold-3f5c6/versions/91149b3b63c201d9/files/c4cdabd05170f84c623bc027e3a5877a7fca9ab6b96be2b886c75c21e975ff6a [stream]
[debug] [2025-09-03T09:01:51.009Z] <<< [apiv2][status] POST https://upload-firebasehosting.googleapis.com/upload/sites/abigold-3f5c6/versions/91149b3b63c201d9/files/c7988aa11ef975cad702a879e91067a66cfaf1e20067ecbe3b58d79c33a3d71d 200
[debug] [2025-09-03T09:01:51.009Z] <<< [apiv2][body] POST https://upload-firebasehosting.googleapis.com/upload/sites/abigold-3f5c6/versions/91149b3b63c201d9/files/c7988aa11ef975cad702a879e91067a66cfaf1e20067ecbe3b58d79c33a3d71d [stream]
[debug] [2025-09-03T09:01:51.010Z] <<< [apiv2][status] POST https://upload-firebasehosting.googleapis.com/upload/sites/abigold-3f5c6/versions/91149b3b63c201d9/files/9ef09984eb8c2ea923eff1eceedbeb2f5cf25369683e84b2b95a5d07aa64e455 200
[debug] [2025-09-03T09:01:51.010Z] <<< [apiv2][body] POST https://upload-firebasehosting.googleapis.com/upload/sites/abigold-3f5c6/versions/91149b3b63c201d9/files/9ef09984eb8c2ea923eff1eceedbeb2f5cf25369683e84b2b95a5d07aa64e455 [stream]
[debug] [2025-09-03T09:01:51.024Z] <<< [apiv2][status] POST https://upload-firebasehosting.googleapis.com/upload/sites/abigold-3f5c6/versions/91149b3b63c201d9/files/3a546b92cfc372e19e09b1843c2b16c8073745bcb7e7e1a301d0a0e5de303bcf 200
[debug] [2025-09-03T09:01:51.024Z] <<< [apiv2][body] POST https://upload-firebasehosting.googleapis.com/upload/sites/abigold-3f5c6/versions/91149b3b63c201d9/files/3a546b92cfc372e19e09b1843c2b16c8073745bcb7e7e1a301d0a0e5de303bcf [stream]
[debug] [2025-09-03T09:01:51.048Z] <<< [apiv2][status] POST https://upload-firebasehosting.googleapis.com/upload/sites/abigold-3f5c6/versions/91149b3b63c201d9/files/9a61e768442ba3450026d0d69421315044931cbffaf8f6019f856ea82dd91e4e 200
[debug] [2025-09-03T09:01:51.049Z] <<< [apiv2][body] POST https://upload-firebasehosting.googleapis.com/upload/sites/abigold-3f5c6/versions/91149b3b63c201d9/files/9a61e768442ba3450026d0d69421315044931cbffaf8f6019f856ea82dd91e4e [stream]
[debug] [2025-09-03T09:01:51.071Z] <<< [apiv2][status] POST https://upload-firebasehosting.googleapis.com/upload/sites/abigold-3f5c6/versions/91149b3b63c201d9/files/154a8c2948836a88c695a789045bc44cc74c3d8958d5785a531d26324bc42cb1 200
[debug] [2025-09-03T09:01:51.072Z] <<< [apiv2][body] POST https://upload-firebasehosting.googleapis.com/upload/sites/abigold-3f5c6/versions/91149b3b63c201d9/files/154a8c2948836a88c695a789045bc44cc74c3d8958d5785a531d26324bc42cb1 [stream]
[debug] [2025-09-03T09:01:51.102Z] <<< [apiv2][status] POST https://upload-firebasehosting.googleapis.com/upload/sites/abigold-3f5c6/versions/91149b3b63c201d9/files/a89675c4d1e3efbe683043d7321d8bf4c8f0ff0f547c8ba56cd6373f3d471fc5 200
[debug] [2025-09-03T09:01:51.102Z] <<< [apiv2][body] POST https://upload-firebasehosting.googleapis.com/upload/sites/abigold-3f5c6/versions/91149b3b63c201d9/files/a89675c4d1e3efbe683043d7321d8bf4c8f0ff0f547c8ba56cd6373f3d471fc5 [stream]
[debug] [2025-09-03T09:01:51.119Z] <<< [apiv2][status] POST https://upload-firebasehosting.googleapis.com/upload/sites/abigold-3f5c6/versions/91149b3b63c201d9/files/8f0c2dd9e1093bd4f54a6d917c84f2795076ef6d8f2e335da156ae77f26156df 200
[debug] [2025-09-03T09:01:51.119Z] <<< [apiv2][body] POST https://upload-firebasehosting.googleapis.com/upload/sites/abigold-3f5c6/versions/91149b3b63c201d9/files/8f0c2dd9e1093bd4f54a6d917c84f2795076ef6d8f2e335da156ae77f26156df [stream]
[debug] [2025-09-03T09:01:51.125Z] <<< [apiv2][status] POST https://upload-firebasehosting.googleapis.com/upload/sites/abigold-3f5c6/versions/91149b3b63c201d9/files/d2665f0056e360100eab2ef31eae72217180a8ac0229d2a05b9a6790f202c29a 200
[debug] [2025-09-03T09:01:51.125Z] <<< [apiv2][body] POST https://upload-firebasehosting.googleapis.com/upload/sites/abigold-3f5c6/versions/91149b3b63c201d9/files/d2665f0056e360100eab2ef31eae72217180a8ac0229d2a05b9a6790f202c29a [stream]
[debug] [2025-09-03T09:01:51.132Z] <<< [apiv2][status] POST https://upload-firebasehosting.googleapis.com/upload/sites/abigold-3f5c6/versions/91149b3b63c201d9/files/276ec0cf7c05c24622ff7d2888888326f1efbfdef8000e27c0c7bbbe2376f8bd 200
[debug] [2025-09-03T09:01:51.132Z] <<< [apiv2][body] POST https://upload-firebasehosting.googleapis.com/upload/sites/abigold-3f5c6/versions/91149b3b63c201d9/files/276ec0cf7c05c24622ff7d2888888326f1efbfdef8000e27c0c7bbbe2376f8bd [stream]
[debug] [2025-09-03T09:01:51.138Z] <<< [apiv2][status] POST https://upload-firebasehosting.googleapis.com/upload/sites/abigold-3f5c6/versions/91149b3b63c201d9/files/a110943754c663eaa842e591906867960f9023671058ee7b372b16b9be9b8717 200
[debug] [2025-09-03T09:01:51.138Z] <<< [apiv2][body] POST https://upload-firebasehosting.googleapis.com/upload/sites/abigold-3f5c6/versions/91149b3b63c201d9/files/a110943754c663eaa842e591906867960f9023671058ee7b372b16b9be9b8717 [stream]
[debug] [2025-09-03T09:01:51.150Z] <<< [apiv2][status] POST https://upload-firebasehosting.googleapis.com/upload/sites/abigold-3f5c6/versions/91149b3b63c201d9/files/e509fc571307ebb911e1b8ff9654c16c2c01671211fa3afd62b4492f05362ed1 200
[debug] [2025-09-03T09:01:51.150Z] <<< [apiv2][body] POST https://upload-firebasehosting.googleapis.com/upload/sites/abigold-3f5c6/versions/91149b3b63c201d9/files/e509fc571307ebb911e1b8ff9654c16c2c01671211fa3afd62b4492f05362ed1 [stream]
[debug] [2025-09-03T09:01:51.164Z] <<< [apiv2][status] POST https://upload-firebasehosting.googleapis.com/upload/sites/abigold-3f5c6/versions/91149b3b63c201d9/files/b06776966b3b0ec7dfcec9827cdfa07a1e931158fa9f87ba709f8fe73cd05f2b 200
[debug] [2025-09-03T09:01:51.164Z] <<< [apiv2][body] POST https://upload-firebasehosting.googleapis.com/upload/sites/abigold-3f5c6/versions/91149b3b63c201d9/files/b06776966b3b0ec7dfcec9827cdfa07a1e931158fa9f87ba709f8fe73cd05f2b [stream]
[debug] [2025-09-03T09:01:51.171Z] <<< [apiv2][status] POST https://upload-firebasehosting.googleapis.com/upload/sites/abigold-3f5c6/versions/91149b3b63c201d9/files/fb750b6697d82a6eefe43ecc5f2be1a057b4160ec0a401cf861d77c6b9eab702 200
[debug] [2025-09-03T09:01:51.171Z] <<< [apiv2][body] POST https://upload-firebasehosting.googleapis.com/upload/sites/abigold-3f5c6/versions/91149b3b63c201d9/files/fb750b6697d82a6eefe43ecc5f2be1a057b4160ec0a401cf861d77c6b9eab702 [stream]
[debug] [2025-09-03T09:01:51.177Z] <<< [apiv2][status] POST https://upload-firebasehosting.googleapis.com/upload/sites/abigold-3f5c6/versions/91149b3b63c201d9/files/2f1590decfebbe1f44f9f4f45cc03b99c4c1e78cf3a292d1b0c9ff04214eceb4 200
[debug] [2025-09-03T09:01:51.178Z] <<< [apiv2][body] POST https://upload-firebasehosting.googleapis.com/upload/sites/abigold-3f5c6/versions/91149b3b63c201d9/files/2f1590decfebbe1f44f9f4f45cc03b99c4c1e78cf3a292d1b0c9ff04214eceb4 [stream]
[debug] [2025-09-03T09:01:51.200Z] <<< [apiv2][status] POST https://upload-firebasehosting.googleapis.com/upload/sites/abigold-3f5c6/versions/91149b3b63c201d9/files/f64c3e9938674e909d20988bd338338525a145c1784748f7d7ca3597e324a9a9 200
[debug] [2025-09-03T09:01:51.201Z] <<< [apiv2][body] POST https://upload-firebasehosting.googleapis.com/upload/sites/abigold-3f5c6/versions/91149b3b63c201d9/files/f64c3e9938674e909d20988bd338338525a145c1784748f7d7ca3597e324a9a9 [stream]
[debug] [2025-09-03T09:01:51.207Z] <<< [apiv2][status] POST https://upload-firebasehosting.googleapis.com/upload/sites/abigold-3f5c6/versions/91149b3b63c201d9/files/33c5c6ad1d08bb69d8026289530e377b4d6e2a96f24562e209fd1e1e9ccee64a 200
[debug] [2025-09-03T09:01:51.207Z] <<< [apiv2][body] POST https://upload-firebasehosting.googleapis.com/upload/sites/abigold-3f5c6/versions/91149b3b63c201d9/files/33c5c6ad1d08bb69d8026289530e377b4d6e2a96f24562e209fd1e1e9ccee64a [stream]
[debug] [2025-09-03T09:01:51.228Z] <<< [apiv2][status] POST https://upload-firebasehosting.googleapis.com/upload/sites/abigold-3f5c6/versions/91149b3b63c201d9/files/ffe166407c928caa4d1640e2786d3385468043b3b9e6ea2282d4a3e370b3bc23 200
[debug] [2025-09-03T09:01:51.228Z] <<< [apiv2][body] POST https://upload-firebasehosting.googleapis.com/upload/sites/abigold-3f5c6/versions/91149b3b63c201d9/files/ffe166407c928caa4d1640e2786d3385468043b3b9e6ea2282d4a3e370b3bc23 [stream]
[debug] [2025-09-03T09:01:51.234Z] <<< [apiv2][status] POST https://upload-firebasehosting.googleapis.com/upload/sites/abigold-3f5c6/versions/91149b3b63c201d9/files/85971e8ad35115e15402ba33ce18c368026fa988c2360bfcaabf03333758d104 200
[debug] [2025-09-03T09:01:51.234Z] <<< [apiv2][body] POST https://upload-firebasehosting.googleapis.com/upload/sites/abigold-3f5c6/versions/91149b3b63c201d9/files/85971e8ad35115e15402ba33ce18c368026fa988c2360bfcaabf03333758d104 [stream]
[debug] [2025-09-03T09:01:51.238Z] <<< [apiv2][status] POST https://upload-firebasehosting.googleapis.com/upload/sites/abigold-3f5c6/versions/91149b3b63c201d9/files/2d237aaaa62bc7f7f421c1cfe185a63cc547ef769b03ba3c1c37430d38f6925f 200
[debug] [2025-09-03T09:01:51.239Z] <<< [apiv2][body] POST https://upload-firebasehosting.googleapis.com/upload/sites/abigold-3f5c6/versions/91149b3b63c201d9/files/2d237aaaa62bc7f7f421c1cfe185a63cc547ef769b03ba3c1c37430d38f6925f [stream]
[debug] [2025-09-03T09:01:51.247Z] <<< [apiv2][status] POST https://upload-firebasehosting.googleapis.com/upload/sites/abigold-3f5c6/versions/91149b3b63c201d9/files/79f7cc75fb46517f741b75986b1a5abb780af13bf7e98a59f6ee51b05a583f58 200
[debug] [2025-09-03T09:01:51.248Z] <<< [apiv2][body] POST https://upload-firebasehosting.googleapis.com/upload/sites/abigold-3f5c6/versions/91149b3b63c201d9/files/79f7cc75fb46517f741b75986b1a5abb780af13bf7e98a59f6ee51b05a583f58 [stream]
[debug] [2025-09-03T09:01:51.269Z] <<< [apiv2][status] POST https://upload-firebasehosting.googleapis.com/upload/sites/abigold-3f5c6/versions/91149b3b63c201d9/files/6eb70570845eb4570abd8b503ca4a4980732fb05699ff6030d2e7198e325f406 200
[debug] [2025-09-03T09:01:51.269Z] <<< [apiv2][body] POST https://upload-firebasehosting.googleapis.com/upload/sites/abigold-3f5c6/versions/91149b3b63c201d9/files/6eb70570845eb4570abd8b503ca4a4980732fb05699ff6030d2e7198e325f406 [stream]
[debug] [2025-09-03T09:01:51.299Z] <<< [apiv2][status] POST https://upload-firebasehosting.googleapis.com/upload/sites/abigold-3f5c6/versions/91149b3b63c201d9/files/a5256962dd400da66d3ff3b0c8a7e21448c580e5681c47016f5e7395553e6d81 200
[debug] [2025-09-03T09:01:51.299Z] <<< [apiv2][body] POST https://upload-firebasehosting.googleapis.com/upload/sites/abigold-3f5c6/versions/91149b3b63c201d9/files/a5256962dd400da66d3ff3b0c8a7e21448c580e5681c47016f5e7395553e6d81 [stream]
[debug] [2025-09-03T09:01:51.314Z] <<< [apiv2][status] POST https://upload-firebasehosting.googleapis.com/upload/sites/abigold-3f5c6/versions/91149b3b63c201d9/files/95d6fcafedffa61e3fd44d1e8781b18d875ff7283d988ea46e52eff12085c0c0 200
[debug] [2025-09-03T09:01:51.315Z] <<< [apiv2][body] POST https://upload-firebasehosting.googleapis.com/upload/sites/abigold-3f5c6/versions/91149b3b63c201d9/files/95d6fcafedffa61e3fd44d1e8781b18d875ff7283d988ea46e52eff12085c0c0 [stream]
[debug] [2025-09-03T09:01:51.319Z] <<< [apiv2][status] POST https://upload-firebasehosting.googleapis.com/upload/sites/abigold-3f5c6/versions/91149b3b63c201d9/files/11deaca6eadbb148caace8a5fe4a67353112de0afc5da83005d4797e403ab4f1 200
[debug] [2025-09-03T09:01:51.319Z] <<< [apiv2][body] POST https://upload-firebasehosting.googleapis.com/upload/sites/abigold-3f5c6/versions/91149b3b63c201d9/files/11deaca6eadbb148caace8a5fe4a67353112de0afc5da83005d4797e403ab4f1 [stream]
[debug] [2025-09-03T09:01:51.429Z] <<< [apiv2][status] POST https://upload-firebasehosting.googleapis.com/upload/sites/abigold-3f5c6/versions/91149b3b63c201d9/files/04614fc32690cb60b39e472119b7f7aa91d88eaeb8511a7489f8cbe1552e6e59 200
[debug] [2025-09-03T09:01:51.429Z] <<< [apiv2][body] POST https://upload-firebasehosting.googleapis.com/upload/sites/abigold-3f5c6/versions/91149b3b63c201d9/files/04614fc32690cb60b39e472119b7f7aa91d88eaeb8511a7489f8cbe1552e6e59 [stream]
[debug] [2025-09-03T09:01:51.434Z] <<< [apiv2][status] POST https://upload-firebasehosting.googleapis.com/upload/sites/abigold-3f5c6/versions/91149b3b63c201d9/files/5c126729f9831113842c425975615db312fa26d39f3a9e1baa47d4ad65ac2f90 200
[debug] [2025-09-03T09:01:51.434Z] <<< [apiv2][body] POST https://upload-firebasehosting.googleapis.com/upload/sites/abigold-3f5c6/versions/91149b3b63c201d9/files/5c126729f9831113842c425975615db312fa26d39f3a9e1baa47d4ad65ac2f90 [stream]
[debug] [2025-09-03T09:01:51.458Z] <<< [apiv2][status] POST https://upload-firebasehosting.googleapis.com/upload/sites/abigold-3f5c6/versions/91149b3b63c201d9/files/508c4ec6d0b8183a61149b8add86dec608f0233510b83eb6429b97a7e70c72f6 200
[debug] [2025-09-03T09:01:51.459Z] <<< [apiv2][body] POST https://upload-firebasehosting.googleapis.com/upload/sites/abigold-3f5c6/versions/91149b3b63c201d9/files/508c4ec6d0b8183a61149b8add86dec608f0233510b83eb6429b97a7e70c72f6 [stream]
[debug] [2025-09-03T09:01:51.489Z] <<< [apiv2][status] POST https://upload-firebasehosting.googleapis.com/upload/sites/abigold-3f5c6/versions/91149b3b63c201d9/files/3001d1412e206cc30913c43522012924d2bdbf452c80bab40cf135d97d027bb5 200
[debug] [2025-09-03T09:01:51.490Z] <<< [apiv2][body] POST https://upload-firebasehosting.googleapis.com/upload/sites/abigold-3f5c6/versions/91149b3b63c201d9/files/3001d1412e206cc30913c43522012924d2bdbf452c80bab40cf135d97d027bb5 [stream]
[debug] [2025-09-03T09:01:51.615Z] <<< [apiv2][status] POST https://upload-firebasehosting.googleapis.com/upload/sites/abigold-3f5c6/versions/91149b3b63c201d9/files/3a2688241578ed175203e07308b92cf7cd95da24d3c03ef5eb9cb68c3ff0f7af 200
[debug] [2025-09-03T09:01:51.615Z] <<< [apiv2][body] POST https://upload-firebasehosting.googleapis.com/upload/sites/abigold-3f5c6/versions/91149b3b63c201d9/files/3a2688241578ed175203e07308b92cf7cd95da24d3c03ef5eb9cb68c3ff0f7af [stream]
[debug] [2025-09-03T09:01:51.676Z] <<< [apiv2][status] POST https://upload-firebasehosting.googleapis.com/upload/sites/abigold-3f5c6/versions/91149b3b63c201d9/files/0f8802322f04497d675b3f1a7f5a1f4769e17017de5f165965aaf83d39d619fb 200
[debug] [2025-09-03T09:01:51.676Z] <<< [apiv2][body] POST https://upload-firebasehosting.googleapis.com/upload/sites/abigold-3f5c6/versions/91149b3b63c201d9/files/0f8802322f04497d675b3f1a7f5a1f4769e17017de5f165965aaf83d39d619fb [stream]
[debug] [2025-09-03T09:01:51.801Z] <<< [apiv2][status] POST https://upload-firebasehosting.googleapis.com/upload/sites/abigold-3f5c6/versions/91149b3b63c201d9/files/65e347cfc950582435f346841eba051a9db266d011fec0d87e75da05ad3325b9 200
[debug] [2025-09-03T09:01:51.801Z] <<< [apiv2][body] POST https://upload-firebasehosting.googleapis.com/upload/sites/abigold-3f5c6/versions/91149b3b63c201d9/files/65e347cfc950582435f346841eba051a9db266d011fec0d87e75da05ad3325b9 [stream]
[debug] [2025-09-03T09:01:51.805Z] <<< [apiv2][status] POST https://upload-firebasehosting.googleapis.com/upload/sites/abigold-3f5c6/versions/91149b3b63c201d9/files/4a84c2fb41a6131d25d862169f3177523b9073631ab7eb65731a6943076cce60 200
[debug] [2025-09-03T09:01:51.805Z] <<< [apiv2][body] POST https://upload-firebasehosting.googleapis.com/upload/sites/abigold-3f5c6/versions/91149b3b63c201d9/files/4a84c2fb41a6131d25d862169f3177523b9073631ab7eb65731a6943076cce60 [stream]
[debug] [2025-09-03T09:01:51.836Z] <<< [apiv2][status] POST https://upload-firebasehosting.googleapis.com/upload/sites/abigold-3f5c6/versions/91149b3b63c201d9/files/a5a46101c6cfec35b8db11bfe2f882f6459a578ca9fa073044672dfa51e3533b 200
[debug] [2025-09-03T09:01:51.836Z] <<< [apiv2][body] POST https://upload-firebasehosting.googleapis.com/upload/sites/abigold-3f5c6/versions/91149b3b63c201d9/files/a5a46101c6cfec35b8db11bfe2f882f6459a578ca9fa073044672dfa51e3533b [stream]
[debug] [2025-09-03T09:01:52.091Z] <<< [apiv2][status] POST https://upload-firebasehosting.googleapis.com/upload/sites/abigold-3f5c6/versions/91149b3b63c201d9/files/1696d09f7f32410684baa65e4d30f185f93165157f5c3a8cee01b50e821c38ba 200
[debug] [2025-09-03T09:01:52.091Z] <<< [apiv2][body] POST https://upload-firebasehosting.googleapis.com/upload/sites/abigold-3f5c6/versions/91149b3b63c201d9/files/1696d09f7f32410684baa65e4d30f185f93165157f5c3a8cee01b50e821c38ba [stream]
[debug] [2025-09-03T09:01:52.443Z] <<< [apiv2][status] POST https://upload-firebasehosting.googleapis.com/upload/sites/abigold-3f5c6/versions/91149b3b63c201d9/files/d8247ebd9b9c173d843cfc1a1fc70e9d13accb19c84a80d007157dd5692aea66 200
[debug] [2025-09-03T09:01:52.443Z] <<< [apiv2][body] POST https://upload-firebasehosting.googleapis.com/upload/sites/abigold-3f5c6/versions/91149b3b63c201d9/files/d8247ebd9b9c173d843cfc1a1fc70e9d13accb19c84a80d007157dd5692aea66 [stream]
[debug] [2025-09-03T09:01:52.518Z] <<< [apiv2][status] POST https://upload-firebasehosting.googleapis.com/upload/sites/abigold-3f5c6/versions/91149b3b63c201d9/files/5125790a7c6f1be83478df1dc78be85241113a6348e96f1259fc81cdeaaaab11 200
[debug] [2025-09-03T09:01:52.518Z] <<< [apiv2][body] POST https://upload-firebasehosting.googleapis.com/upload/sites/abigold-3f5c6/versions/91149b3b63c201d9/files/5125790a7c6f1be83478df1dc78be85241113a6348e96f1259fc81cdeaaaab11 [stream]
[debug] [2025-09-03T09:01:52.710Z] <<< [apiv2][status] POST https://upload-firebasehosting.googleapis.com/upload/sites/abigold-3f5c6/versions/91149b3b63c201d9/files/4a43966b1c6046e47665b23ed3c57e5627631c74e92cc5c212e2707127cae438 200
[debug] [2025-09-03T09:01:52.711Z] <<< [apiv2][body] POST https://upload-firebasehosting.googleapis.com/upload/sites/abigold-3f5c6/versions/91149b3b63c201d9/files/4a43966b1c6046e47665b23ed3c57e5627631c74e92cc5c212e2707127cae438 [stream]
[debug] [2025-09-03T09:01:52.806Z] <<< [apiv2][status] POST https://upload-firebasehosting.googleapis.com/upload/sites/abigold-3f5c6/versions/91149b3b63c201d9/files/8a5e1372c8e943a0f2e8fb02d68178f713816e63e7fde05709eeeb38d747452e 200
[debug] [2025-09-03T09:01:52.806Z] <<< [apiv2][body] POST https://upload-firebasehosting.googleapis.com/upload/sites/abigold-3f5c6/versions/91149b3b63c201d9/files/8a5e1372c8e943a0f2e8fb02d68178f713816e63e7fde05709eeeb38d747452e [stream]
[debug] [2025-09-03T09:01:53.139Z] <<< [apiv2][status] POST https://upload-firebasehosting.googleapis.com/upload/sites/abigold-3f5c6/versions/91149b3b63c201d9/files/4f76b73056f005130b10aa031352096448f6fe6f72694293e64c246410ab2c1d 200
[debug] [2025-09-03T09:01:53.139Z] <<< [apiv2][body] POST https://upload-firebasehosting.googleapis.com/upload/sites/abigold-3f5c6/versions/91149b3b63c201d9/files/4f76b73056f005130b10aa031352096448f6fe6f72694293e64c246410ab2c1d [stream]
[debug] [2025-09-03T09:01:53.245Z] <<< [apiv2][status] POST https://upload-firebasehosting.googleapis.com/upload/sites/abigold-3f5c6/versions/91149b3b63c201d9/files/bea630d9824beca22855271c757404b58bb7b410c52a5e7d58d69ff26d9ddd0b 200
[debug] [2025-09-03T09:01:53.246Z] <<< [apiv2][body] POST https://upload-firebasehosting.googleapis.com/upload/sites/abigold-3f5c6/versions/91149b3b63c201d9/files/bea630d9824beca22855271c757404b58bb7b410c52a5e7d58d69ff26d9ddd0b [stream]
[debug] [2025-09-03T09:01:54.397Z] <<< [apiv2][status] POST https://upload-firebasehosting.googleapis.com/upload/sites/abigold-3f5c6/versions/91149b3b63c201d9/files/bfd15e3cac822279dbce13d5b70a561ad4d0b3e43c878fcbb5afb2eb3071b509 200
[debug] [2025-09-03T09:01:54.397Z] <<< [apiv2][body] POST https://upload-firebasehosting.googleapis.com/upload/sites/abigold-3f5c6/versions/91149b3b63c201d9/files/bfd15e3cac822279dbce13d5b70a561ad4d0b3e43c878fcbb5afb2eb3071b509 [stream]
[debug] [2025-09-03T09:01:54.683Z] <<< [apiv2][status] POST https://upload-firebasehosting.googleapis.com/upload/sites/abigold-3f5c6/versions/91149b3b63c201d9/files/ae1aea60af0ce279027dbedb00e31bc21bc863d3d0328e068f4028ab271c4624 200
[debug] [2025-09-03T09:01:54.683Z] <<< [apiv2][body] POST https://upload-firebasehosting.googleapis.com/upload/sites/abigold-3f5c6/versions/91149b3b63c201d9/files/ae1aea60af0ce279027dbedb00e31bc21bc863d3d0328e068f4028ab271c4624 [stream]
[debug] [2025-09-03T09:01:55.033Z] <<< [apiv2][status] POST https://upload-firebasehosting.googleapis.com/upload/sites/abigold-3f5c6/versions/91149b3b63c201d9/files/e15622b231c35b4ad9a888e989767851d5ea16aa29f755636248f3a944577326 200
[debug] [2025-09-03T09:01:55.033Z] <<< [apiv2][body] POST https://upload-firebasehosting.googleapis.com/upload/sites/abigold-3f5c6/versions/91149b3b63c201d9/files/e15622b231c35b4ad9a888e989767851d5ea16aa29f755636248f3a944577326 [stream]
[debug] [2025-09-03T09:01:55.573Z] <<< [apiv2][status] POST https://upload-firebasehosting.googleapis.com/upload/sites/abigold-3f5c6/versions/91149b3b63c201d9/files/d06f3a304ec8c8c900fd03a5a0cda7c50c77891189d20fe0bc6b92d229822855 200
[debug] [2025-09-03T09:01:55.573Z] <<< [apiv2][body] POST https://upload-firebasehosting.googleapis.com/upload/sites/abigold-3f5c6/versions/91149b3b63c201d9/files/d06f3a304ec8c8c900fd03a5a0cda7c50c77891189d20fe0bc6b92d229822855 [stream]
[debug] [2025-09-03T09:01:56.052Z] <<< [apiv2][status] POST https://upload-firebasehosting.googleapis.com/upload/sites/abigold-3f5c6/versions/91149b3b63c201d9/files/e7505f61b5302ac9ee9785fa31b5014775127ee8398bbfce396a49cd9316c89f 200
[debug] [2025-09-03T09:01:56.052Z] <<< [apiv2][body] POST https://upload-firebasehosting.googleapis.com/upload/sites/abigold-3f5c6/versions/91149b3b63c201d9/files/e7505f61b5302ac9ee9785fa31b5014775127ee8398bbfce396a49cd9316c89f [stream]
[debug] [2025-09-03T09:01:56.394Z] <<< [apiv2][status] POST https://upload-firebasehosting.googleapis.com/upload/sites/abigold-3f5c6/versions/91149b3b63c201d9/files/c1b0314107389494cfc322c69c0e268f718b05354280c17755a80850982606aa 200
[debug] [2025-09-03T09:01:56.394Z] <<< [apiv2][body] POST https://upload-firebasehosting.googleapis.com/upload/sites/abigold-3f5c6/versions/91149b3b63c201d9/files/c1b0314107389494cfc322c69c0e268f718b05354280c17755a80850982606aa [stream]
[debug] [2025-09-03T09:01:57.057Z] <<< [apiv2][status] POST https://upload-firebasehosting.googleapis.com/upload/sites/abigold-3f5c6/versions/91149b3b63c201d9/files/4009d1f961abf6d790637afe9c8dcd259af55110f04565ce0b5d1accae250d7f 200
[debug] [2025-09-03T09:01:57.057Z] <<< [apiv2][body] POST https://upload-firebasehosting.googleapis.com/upload/sites/abigold-3f5c6/versions/91149b3b63c201d9/files/4009d1f961abf6d790637afe9c8dcd259af55110f04565ce0b5d1accae250d7f [stream]
[debug] [2025-09-03T09:02:05.488Z] <<< [apiv2][status] POST https://upload-firebasehosting.googleapis.com/upload/sites/abigold-3f5c6/versions/91149b3b63c201d9/files/2ac08135df7c63b70b3f188c17894df0dc8faf94699643079ac14b122a6fe22d 200
[debug] [2025-09-03T09:02:05.488Z] <<< [apiv2][body] POST https://upload-firebasehosting.googleapis.com/upload/sites/abigold-3f5c6/versions/91149b3b63c201d9/files/2ac08135df7c63b70b3f188c17894df0dc8faf94699643079ac14b122a6fe22d [stream]
[debug] [2025-09-03T09:02:06.112Z] <<< [apiv2][status] POST https://upload-firebasehosting.googleapis.com/upload/sites/abigold-3f5c6/versions/91149b3b63c201d9/files/085da827b09a179a6206f27b2c6744044861635e03a998a67e0204d4df8e28a3 200
[debug] [2025-09-03T09:02:06.113Z] <<< [apiv2][body] POST https://upload-firebasehosting.googleapis.com/upload/sites/abigold-3f5c6/versions/91149b3b63c201d9/files/085da827b09a179a6206f27b2c6744044861635e03a998a67e0204d4df8e28a3 [stream]
[debug] [2025-09-03T09:02:10.109Z] <<< [apiv2][status] POST https://upload-firebasehosting.googleapis.com/upload/sites/abigold-3f5c6/versions/91149b3b63c201d9/files/4fe33a6e5a1d1eb1843ffa28a50172b9bca3166fd6eaa76b1fc7fa67a2a99f4c 200
[debug] [2025-09-03T09:02:10.109Z] <<< [apiv2][body] POST https://upload-firebasehosting.googleapis.com/upload/sites/abigold-3f5c6/versions/91149b3b63c201d9/files/4fe33a6e5a1d1eb1843ffa28a50172b9bca3166fd6eaa76b1fc7fa67a2a99f4c [stream]
